2025-09-23 18:36:51,707 [Worker-5: Loading available Gradle versions] INFO  o.e.b.c.i.u.g.PublishedGradleVersions - Gradle version information cache is not available. Remote download required.
2025-09-23 18:40:22,439 [Worker-19: Import Getting Started Content] INFO  o.e.m.c.i.l.LifecycleMappingFactory - Using org.maven.ide.eclipse.wtp.WarLifecycleMapping lifecycle mapping for MavenProject: com.klef.practice:REPORTAPI-BACKEND:0.0.1-SNAPSHOT @ D:\CICD\3-1\PRACTICE\JENKINS-FULLSTACK-PRACTICE\REPORTAPI-BACKEND\pom.xml.
2025-09-23 18:40:25,685 [Worker-19: Import Getting Started Content] INFO  o.e.m.j.i.AbstractJavaProjectConfigurator - Adding source folder /REPORTAPI-BACKEND/src/main/java
2025-09-23 18:40:25,691 [Worker-19: Import Getting Started Content] INFO  o.e.m.j.i.AbstractJavaProjectConfigurator - Adding resource folder /REPORTAPI-BACKEND/src/main/resources
2025-09-23 18:40:25,701 [Worker-19: Import Getting Started Content] INFO  o.e.m.j.i.AbstractJavaProjectConfigurator - Adding resource folder /REPORTAPI-BACKEND/src/main/resources
2025-09-23 18:40:25,711 [Worker-19: Import Getting Started Content] INFO  o.e.m.j.i.AbstractJavaProjectConfigurator - Adding source folder /REPORTAPI-BACKEND/src/test/java
2025-09-23 18:40:25,713 [Worker-19: Import Getting Started Content] INFO  o.e.m.j.i.AbstractJavaProjectConfigurator - Adding resource folder /REPORTAPI-BACKEND/src/test/resources
2025-09-23 18:40:32,924 [Worker-19: Import Getting Started Content] INFO  o.e.m.c.i.p.ProjectConfigurationManager - Imported and configured 1 project(s) in 14 sec
2025-09-23 18:40:32,933 [Worker-19: Import Getting Started Content] INFO  o.e.m.c.i.p.ProjectConfigurationManager - Update started
2025-09-23 18:40:33,792 [Worker-19: Import Getting Started Content] INFO  o.e.m.c.i.l.LifecycleMappingFactory - Using org.maven.ide.eclipse.wtp.WarLifecycleMapping lifecycle mapping for MavenProject: com.klef.practice:REPORTAPI-BACKEND:0.0.1-SNAPSHOT @ D:\CICD\3-1\PRACTICE\JENKINS-FULLSTACK-PRACTICE\REPORTAPI-BACKEND\pom.xml.
2025-09-23 18:40:35,570 [Worker-19: Import Getting Started Content] INFO  o.e.m.j.i.AbstractJavaProjectConfigurator - Adding source folder /REPORTAPI-BACKEND/src/main/java
2025-09-23 18:40:35,573 [Worker-19: Import Getting Started Content] INFO  o.e.m.j.i.AbstractJavaProjectConfigurator - Adding resource folder /REPORTAPI-BACKEND/src/main/resources
2025-09-23 18:40:35,576 [Worker-19: Import Getting Started Content] INFO  o.e.m.j.i.AbstractJavaProjectConfigurator - Adding resource folder /REPORTAPI-BACKEND/src/main/resources
2025-09-23 18:40:35,578 [Worker-19: Import Getting Started Content] INFO  o.e.m.j.i.AbstractJavaProjectConfigurator - Adding source folder /REPORTAPI-BACKEND/src/test/java
2025-09-23 18:40:35,580 [Worker-19: Import Getting Started Content] INFO  o.e.m.j.i.AbstractJavaProjectConfigurator - Adding resource folder /REPORTAPI-BACKEND/src/test/resources
2025-09-23 18:40:39,071 [Worker-19: Import Getting Started Content] INFO  o.e.m.w.i.f.ResourceFilteringBuildParticipant - Cleaning filtered folder for REPORTAPI-BACKEND
2025-09-23 18:40:39,114 [Worker-19: Import Getting Started Content] INFO  o.e.m.c.i.p.ProjectConfigurationManager - Update completed for 1 poms: local refresh takes 0.00 sec, refresh facades takes 2.00 sec, update config takes 2.00 sec 
2025-09-23 18:40:40,954 [Worker-22: Building] INFO  o.a.m.s.f.DefaultMavenResourcesFiltering - Copying 1 resource from src\main\resources to target\classes
2025-09-23 18:40:41,007 [Worker-22: Building] INFO  o.a.m.s.f.DefaultMavenResourcesFiltering - Copying 0 resource from src\main\resources to target\classes
2025-09-23 18:40:41,021 [Worker-22: Building] INFO  o.a.m.s.f.DefaultMavenResourcesFiltering - skip non existing resourceDirectory D:\CICD\3-1\PRACTICE\JENKINS-FULLSTACK-PRACTICE\REPORTAPI-BACKEND\src\test\resources
2025-09-23 18:40:41,023 [Worker-22: Building] INFO  o.e.m.w.i.f.ResourceFilteringBuildParticipant - Changed resources require a complete clean of filtered resources of REPORTAPI-BACKEND
2025-09-23 18:40:41,024 [Worker-22: Building] INFO  o.e.m.w.i.f.ResourceFilteringBuildParticipant - Executing resource filtering for REPORTAPI-BACKEND
2025-09-23 18:44:13,262 [Worker-21: Building] INFO  o.a.m.s.f.DefaultMavenResourcesFiltering - Copying 1 resource from src\main\resources to target\classes
2025-09-23 18:44:13,300 [Worker-21: Building] INFO  o.a.m.s.f.DefaultMavenResourcesFiltering - Copying 0 resource from src\main\resources to target\classes
2025-09-23 18:44:13,317 [Worker-21: Building] INFO  o.a.m.s.f.DefaultMavenResourcesFiltering - skip non existing resourceDirectory D:\CICD\3-1\PRACTICE\JENKINS-FULLSTACK-PRACTICE\REPORTAPI-BACKEND\src\test\resources
2025-09-23 18:51:33,692 [Worker-39: Building] INFO  o.a.m.s.f.DefaultMavenResourcesFiltering - Copying 1 resource from src\main\resources to target\classes
2025-09-23 18:51:33,733 [Worker-39: Building] INFO  o.a.m.s.f.DefaultMavenResourcesFiltering - Copying 0 resource from src\main\resources to target\classes
2025-09-23 18:51:33,747 [Worker-39: Building] INFO  o.a.m.s.f.DefaultMavenResourcesFiltering - skip non existing resourceDirectory D:\CICD\3-1\PRACTICE\JENKINS-FULLSTACK-PRACTICE\REPORTAPI-BACKEND\src\test\resources
2025-09-23 18:53:51,133 [Worker-36: Building] INFO  o.a.m.s.f.DefaultMavenResourcesFiltering - Copying 1 resource from src\main\resources to target\classes
2025-09-23 18:53:51,149 [Worker-36: Building] INFO  o.a.m.s.f.DefaultMavenResourcesFiltering - Copying 0 resource from src\main\resources to target\classes
2025-09-23 18:53:51,158 [Worker-36: Building] INFO  o.a.m.s.f.DefaultMavenResourcesFiltering - skip non existing resourceDirectory D:\CICD\3-1\PRACTICE\JENKINS-FULLSTACK-PRACTICE\REPORTAPI-BACKEND\src\test\resources
2025-09-23 18:57:23,272 [Worker-36: Building] INFO  o.a.m.s.f.DefaultMavenResourcesFiltering - Copying 1 resource from src\main\resources to target\classes
2025-09-23 18:57:23,307 [Worker-36: Building] INFO  o.a.m.s.f.DefaultMavenResourcesFiltering - Copying 0 resource from src\main\resources to target\classes
2025-09-23 18:57:23,321 [Worker-36: Building] INFO  o.a.m.s.f.DefaultMavenResourcesFiltering - skip non existing resourceDirectory D:\CICD\3-1\PRACTICE\JENKINS-FULLSTACK-PRACTICE\REPORTAPI-BACKEND\src\test\resources
2025-09-23 18:57:31,158 [Worker-37: Building] INFO  o.a.m.s.f.DefaultMavenResourcesFiltering - Copying 1 resource from src\main\resources to target\classes
2025-09-23 18:57:31,171 [Worker-37: Building] INFO  o.a.m.s.f.DefaultMavenResourcesFiltering - Copying 0 resource from src\main\resources to target\classes
2025-09-23 18:57:31,176 [Worker-37: Building] INFO  o.a.m.s.f.DefaultMavenResourcesFiltering - skip non existing resourceDirectory D:\CICD\3-1\PRACTICE\JENKINS-FULLSTACK-PRACTICE\REPORTAPI-BACKEND\src\test\resources
2025-09-23 18:59:49,415 [Worker-40: Building] INFO  o.a.m.s.f.DefaultMavenResourcesFiltering - Copying 1 resource from src\main\resources to target\classes
2025-09-23 18:59:49,433 [Worker-40: Building] INFO  o.a.m.s.f.DefaultMavenResourcesFiltering - Copying 0 resource from src\main\resources to target\classes
2025-09-23 18:59:49,439 [Worker-40: Building] INFO  o.a.m.s.f.DefaultMavenResourcesFiltering - skip non existing resourceDirectory D:\CICD\3-1\PRACTICE\JENKINS-FULLSTACK-PRACTICE\REPORTAPI-BACKEND\src\test\resources
2025-09-23 19:01:10,048 [Worker-38: Building] INFO  o.a.m.s.f.DefaultMavenResourcesFiltering - Copying 1 resource from src\main\resources to target\classes
2025-09-23 19:01:10,071 [Worker-38: Building] INFO  o.a.m.s.f.DefaultMavenResourcesFiltering - Copying 0 resource from src\main\resources to target\classes
2025-09-23 19:01:10,079 [Worker-38: Building] INFO  o.a.m.s.f.DefaultMavenResourcesFiltering - skip non existing resourceDirectory D:\CICD\3-1\PRACTICE\JENKINS-FULLSTACK-PRACTICE\REPORTAPI-BACKEND\src\test\resources
2025-09-23 19:02:18,922 [Worker-39: Building] INFO  o.a.m.s.f.DefaultMavenResourcesFiltering - Copying 1 resource from src\main\resources to target\classes
2025-09-23 19:02:18,934 [Worker-39: Building] INFO  o.a.m.s.f.DefaultMavenResourcesFiltering - Copying 0 resource from src\main\resources to target\classes
2025-09-23 19:02:18,938 [Worker-39: Building] INFO  o.a.m.s.f.DefaultMavenResourcesFiltering - skip non existing resourceDirectory D:\CICD\3-1\PRACTICE\JENKINS-FULLSTACK-PRACTICE\REPORTAPI-BACKEND\src\test\resources
2025-09-23 19:03:19,073 [Worker-37: Building] INFO  o.a.m.s.f.DefaultMavenResourcesFiltering - Copying 1 resource from src\main\resources to target\classes
2025-09-23 19:03:19,084 [Worker-37: Building] INFO  o.a.m.s.f.DefaultMavenResourcesFiltering - Copying 0 resource from src\main\resources to target\classes
2025-09-23 19:03:19,087 [Worker-37: Building] INFO  o.a.m.s.f.DefaultMavenResourcesFiltering - skip non existing resourceDirectory D:\CICD\3-1\PRACTICE\JENKINS-FULLSTACK-PRACTICE\REPORTAPI-BACKEND\src\test\resources
2025-09-23 19:03:40,445 [Worker-41: Building] INFO  o.a.m.s.f.DefaultMavenResourcesFiltering - Copying 1 resource from src\main\resources to target\classes
2025-09-23 19:03:40,462 [Worker-41: Building] INFO  o.a.m.s.f.DefaultMavenResourcesFiltering - Copying 0 resource from src\main\resources to target\classes
2025-09-23 19:03:40,467 [Worker-41: Building] INFO  o.a.m.s.f.DefaultMavenResourcesFiltering - skip non existing resourceDirectory D:\CICD\3-1\PRACTICE\JENKINS-FULLSTACK-PRACTICE\REPORTAPI-BACKEND\src\test\resources
2025-09-23 19:04:19,648 [Worker-43: Building] INFO  o.a.m.s.f.DefaultMavenResourcesFiltering - Copying 1 resource from src\main\resources to target\classes
2025-09-23 19:04:19,658 [Worker-43: Building] INFO  o.a.m.s.f.DefaultMavenResourcesFiltering - Copying 0 resource from src\main\resources to target\classes
2025-09-23 19:04:19,662 [Worker-43: Building] INFO  o.a.m.s.f.DefaultMavenResourcesFiltering - skip non existing resourceDirectory D:\CICD\3-1\PRACTICE\JENKINS-FULLSTACK-PRACTICE\REPORTAPI-BACKEND\src\test\resources
2025-09-23 19:07:12,918 [Worker-41: Building] INFO  o.a.m.s.f.DefaultMavenResourcesFiltering - Copying 1 resource from src\main\resources to target\classes
2025-09-23 19:07:12,927 [Worker-41: Building] INFO  o.a.m.s.f.DefaultMavenResourcesFiltering - Copying 0 resource from src\main\resources to target\classes
2025-09-23 19:07:12,932 [Worker-41: Building] INFO  o.a.m.s.f.DefaultMavenResourcesFiltering - skip non existing resourceDirectory D:\CICD\3-1\PRACTICE\JENKINS-FULLSTACK-PRACTICE\REPORTAPI-BACKEND\src\test\resources
2025-09-23 19:08:45,317 [Worker-41: Building] INFO  o.a.m.s.f.DefaultMavenResourcesFiltering - Copying 1 resource from src\main\resources to target\classes
2025-09-23 19:08:45,325 [Worker-41: Building] INFO  o.a.m.s.f.DefaultMavenResourcesFiltering - Copying 0 resource from src\main\resources to target\classes
2025-09-23 19:08:45,329 [Worker-41: Building] INFO  o.a.m.s.f.DefaultMavenResourcesFiltering - skip non existing resourceDirectory D:\CICD\3-1\PRACTICE\JENKINS-FULLSTACK-PRACTICE\REPORTAPI-BACKEND\src\test\resources
2025-09-23 19:10:22,573 [Worker-44: Building] INFO  o.a.m.s.f.DefaultMavenResourcesFiltering - Copying 1 resource from src\main\resources to target\classes
2025-09-23 19:10:22,586 [Worker-44: Building] INFO  o.a.m.s.f.DefaultMavenResourcesFiltering - Copying 0 resource from src\main\resources to target\classes
2025-09-23 19:10:22,591 [Worker-44: Building] INFO  o.a.m.s.f.DefaultMavenResourcesFiltering - skip non existing resourceDirectory D:\CICD\3-1\PRACTICE\JENKINS-FULLSTACK-PRACTICE\REPORTAPI-BACKEND\src\test\resources
2025-09-23 19:11:34,383 [Worker-45: Launching REPORTAPI-BACKEND - ReportapiBackendApplication] INFO  o.a.m.s.f.DefaultMavenResourcesFiltering - Copying 1 resource from src\main\resources to target\classes
2025-09-23 19:11:34,391 [Worker-45: Launching REPORTAPI-BACKEND - ReportapiBackendApplication] INFO  o.a.m.s.f.DefaultMavenResourcesFiltering - Copying 0 resource from src\main\resources to target\classes
2025-09-23 19:11:34,396 [Worker-45: Launching REPORTAPI-BACKEND - ReportapiBackendApplication] INFO  o.a.m.s.f.DefaultMavenResourcesFiltering - skip non existing resourceDirectory D:\CICD\3-1\PRACTICE\JENKINS-FULLSTACK-PRACTICE\REPORTAPI-BACKEND\src\test\resources
2025-09-23 19:12:44,989 [Worker-47: Launching REPORTAPI-BACKEND - ReportapiBackendApplication] INFO  o.a.m.s.f.DefaultMavenResourcesFiltering - Copying 1 resource from src\main\resources to target\classes
2025-09-23 19:12:45,006 [Worker-47: Launching REPORTAPI-BACKEND - ReportapiBackendApplication] INFO  o.a.m.s.f.DefaultMavenResourcesFiltering - Copying 0 resource from src\main\resources to target\classes
2025-09-23 19:12:45,012 [Worker-47: Launching REPORTAPI-BACKEND - ReportapiBackendApplication] INFO  o.a.m.s.f.DefaultMavenResourcesFiltering - skip non existing resourceDirectory D:\CICD\3-1\PRACTICE\JENKINS-FULLSTACK-PRACTICE\REPORTAPI-BACKEND\src\test\resources
2025-09-23 19:17:33,610 [Worker-51: Building] INFO  o.a.m.s.f.DefaultMavenResourcesFiltering - Copying 1 resource from src\main\resources to target\classes
2025-09-23 19:17:33,622 [Worker-51: Building] INFO  o.a.m.s.f.DefaultMavenResourcesFiltering - Copying 0 resource from src\main\resources to target\classes
2025-09-23 19:17:33,628 [Worker-51: Building] INFO  o.a.m.s.f.DefaultMavenResourcesFiltering - skip non existing resourceDirectory D:\CICD\3-1\PRACTICE\JENKINS-FULLSTACK-PRACTICE\REPORTAPI-BACKEND\src\test\resources
2025-09-23 19:17:57,173 [Worker-53: Building] INFO  o.a.m.s.f.DefaultMavenResourcesFiltering - Copying 1 resource from src\main\resources to target\classes
2025-09-23 19:17:57,185 [Worker-53: Building] INFO  o.a.m.s.f.DefaultMavenResourcesFiltering - Copying 0 resource from src\main\resources to target\classes
2025-09-23 19:17:57,189 [Worker-53: Building] INFO  o.a.m.s.f.DefaultMavenResourcesFiltering - skip non existing resourceDirectory D:\CICD\3-1\PRACTICE\JENKINS-FULLSTACK-PRACTICE\REPORTAPI-BACKEND\src\test\resources
2025-09-23 19:18:34,656 [Worker-51: Building] INFO  o.a.m.s.f.DefaultMavenResourcesFiltering - Copying 1 resource from src\main\resources to target\classes
2025-09-23 19:18:34,696 [Worker-51: Building] INFO  o.a.m.s.f.DefaultMavenResourcesFiltering - Copying 0 resource from src\main\resources to target\classes
2025-09-23 19:18:34,710 [Worker-51: Building] INFO  o.a.m.s.f.DefaultMavenResourcesFiltering - skip non existing resourceDirectory D:\CICD\3-1\PRACTICE\JENKINS-FULLSTACK-PRACTICE\REPORTAPI-BACKEND\src\test\resources
2025-09-23 19:19:13,338 [Worker-52: Building] INFO  o.a.m.s.f.DefaultMavenResourcesFiltering - Copying 1 resource from src\main\resources to target\classes
2025-09-23 19:19:13,349 [Worker-52: Building] INFO  o.a.m.s.f.DefaultMavenResourcesFiltering - Copying 0 resource from src\main\resources to target\classes
2025-09-23 19:19:13,355 [Worker-52: Building] INFO  o.a.m.s.f.DefaultMavenResourcesFiltering - skip non existing resourceDirectory D:\CICD\3-1\PRACTICE\JENKINS-FULLSTACK-PRACTICE\REPORTAPI-BACKEND\src\test\resources
2025-09-23 19:59:07,699 [Worker-8: Loading available Gradle versions] INFO  o.e.b.c.i.u.g.PublishedGradleVersions - Gradle version information cache is up-to-date. Trying to read.
2025-09-23 20:13:12,496 [Worker-20: Building] INFO  o.a.m.s.f.DefaultMavenResourcesFiltering - Copying 1 resource from src\main\resources to target\classes
2025-09-23 20:13:12,527 [Worker-20: Building] INFO  o.a.m.s.f.DefaultMavenResourcesFiltering - Copying 0 resource from src\main\resources to target\classes
2025-09-23 20:13:12,532 [Worker-20: Building] INFO  o.a.m.s.f.DefaultMavenResourcesFiltering - skip non existing resourceDirectory D:\CICD\3-1\PRACTICE\JENKINS-FULLSTACK-PRACTICE\REPORTAPI-BACKEND\src\test\resources
2025-09-23 20:13:16,282 [Worker-9: Building] INFO  o.a.m.s.f.DefaultMavenResourcesFiltering - Copying 1 resource from src\main\resources to target\classes
2025-09-23 20:13:16,288 [Worker-9: Building] INFO  o.a.m.s.f.DefaultMavenResourcesFiltering - Copying 0 resource from src\main\resources to target\classes
2025-09-23 20:13:16,293 [Worker-9: Building] INFO  o.a.m.s.f.DefaultMavenResourcesFiltering - skip non existing resourceDirectory D:\CICD\3-1\PRACTICE\JENKINS-FULLSTACK-PRACTICE\REPORTAPI-BACKEND\src\test\resources
2025-09-23 20:27:38,006 [Worker-0: Launching Executing clean in D__CICD_3-1_PRACTICE_JENKINS-FULLSTACK-PRACTICE_REPORTAPI-BACKEND] INFO  o.eclipse.m2e.core.internal.Bundles - getClasspathEntries(Bundle=org.eclipse.m2e.maven.runtime_3.9.900.20250220-2013 [639])
2025-09-23 20:27:38,008 [Worker-0: Launching Executing clean in D__CICD_3-1_PRACTICE_JENKINS-FULLSTACK-PRACTICE_REPORTAPI-BACKEND] INFO  o.eclipse.m2e.core.internal.Bundles - 	Entry: C:\Users\jahna\.p2\pool\plugins\org.eclipse.m2e.maven.runtime_3.9.900.20250220-2013
2025-09-23 20:27:38,008 [Worker-0: Launching Executing clean in D__CICD_3-1_PRACTICE_JENKINS-FULLSTACK-PRACTICE_REPORTAPI-BACKEND] INFO  o.eclipse.m2e.core.internal.Bundles - 	Entry: C:\Users\jahna\.p2\pool\plugins\org.eclipse.m2e.maven.runtime_3.9.900.20250220-2013\jars\aopalliance-1.0.jar
2025-09-23 20:27:38,008 [Worker-0: Launching Executing clean in D__CICD_3-1_PRACTICE_JENKINS-FULLSTACK-PRACTICE_REPORTAPI-BACKEND] INFO  o.eclipse.m2e.core.internal.Bundles - 	Entry: C:\Users\jahna\.p2\pool\plugins\org.eclipse.m2e.maven.runtime_3.9.900.20250220-2013\jars\guice-5.1.0.jar
2025-09-23 20:27:38,009 [Worker-0: Launching Executing clean in D__CICD_3-1_PRACTICE_JENKINS-FULLSTACK-PRACTICE_REPORTAPI-BACKEND] INFO  o.eclipse.m2e.core.internal.Bundles - 	Entry: C:\Users\jahna\.p2\pool\plugins\org.eclipse.m2e.maven.runtime_3.9.900.20250220-2013\jars\httpclient-4.5.14.jar
2025-09-23 20:27:38,009 [Worker-0: Launching Executing clean in D__CICD_3-1_PRACTICE_JENKINS-FULLSTACK-PRACTICE_REPORTAPI-BACKEND] INFO  o.eclipse.m2e.core.internal.Bundles - 	Entry: C:\Users\jahna\.p2\pool\plugins\org.eclipse.m2e.maven.runtime_3.9.900.20250220-2013\jars\httpcore-4.4.16.jar
2025-09-23 20:27:38,009 [Worker-0: Launching Executing clean in D__CICD_3-1_PRACTICE_JENKINS-FULLSTACK-PRACTICE_REPORTAPI-BACKEND] INFO  o.eclipse.m2e.core.internal.Bundles - 	Entry: C:\Users\jahna\.p2\pool\plugins\org.eclipse.m2e.maven.runtime_3.9.900.20250220-2013\jars\jansi-2.4.1.jar
2025-09-23 20:27:38,009 [Worker-0: Launching Executing clean in D__CICD_3-1_PRACTICE_JENKINS-FULLSTACK-PRACTICE_REPORTAPI-BACKEND] INFO  o.eclipse.m2e.core.internal.Bundles - 	Entry: C:\Users\jahna\.p2\pool\plugins\org.eclipse.m2e.maven.runtime_3.9.900.20250220-2013\jars\jcl-over-slf4j-1.7.36.jar
2025-09-23 20:27:38,009 [Worker-0: Launching Executing clean in D__CICD_3-1_PRACTICE_JENKINS-FULLSTACK-PRACTICE_REPORTAPI-BACKEND] INFO  o.eclipse.m2e.core.internal.Bundles - 	Entry: C:\Users\jahna\.p2\pool\plugins\org.eclipse.m2e.maven.runtime_3.9.900.20250220-2013\jars\maven-artifact-3.9.9.jar
2025-09-23 20:27:38,009 [Worker-0: Launching Executing clean in D__CICD_3-1_PRACTICE_JENKINS-FULLSTACK-PRACTICE_REPORTAPI-BACKEND] INFO  o.eclipse.m2e.core.internal.Bundles - 	Entry: C:\Users\jahna\.p2\pool\plugins\org.eclipse.m2e.maven.runtime_3.9.900.20250220-2013\jars\maven-builder-support-3.9.9.jar
2025-09-23 20:27:38,009 [Worker-0: Launching Executing clean in D__CICD_3-1_PRACTICE_JENKINS-FULLSTACK-PRACTICE_REPORTAPI-BACKEND] INFO  o.eclipse.m2e.core.internal.Bundles - 	Entry: C:\Users\jahna\.p2\pool\plugins\org.eclipse.m2e.maven.runtime_3.9.900.20250220-2013\jars\maven-compat-3.9.9.jar
2025-09-23 20:27:38,009 [Worker-0: Launching Executing clean in D__CICD_3-1_PRACTICE_JENKINS-FULLSTACK-PRACTICE_REPORTAPI-BACKEND] INFO  o.eclipse.m2e.core.internal.Bundles - 	Entry: C:\Users\jahna\.p2\pool\plugins\org.eclipse.m2e.maven.runtime_3.9.900.20250220-2013\jars\maven-core-3.9.9.jar
2025-09-23 20:27:38,009 [Worker-0: Launching Executing clean in D__CICD_3-1_PRACTICE_JENKINS-FULLSTACK-PRACTICE_REPORTAPI-BACKEND] INFO  o.eclipse.m2e.core.internal.Bundles - 	Entry: C:\Users\jahna\.p2\pool\plugins\org.eclipse.m2e.maven.runtime_3.9.900.20250220-2013\jars\maven-embedder-3.9.9.jar
2025-09-23 20:27:38,009 [Worker-0: Launching Executing clean in D__CICD_3-1_PRACTICE_JENKINS-FULLSTACK-PRACTICE_REPORTAPI-BACKEND] INFO  o.eclipse.m2e.core.internal.Bundles - 	Entry: C:\Users\jahna\.p2\pool\plugins\org.eclipse.m2e.maven.runtime_3.9.900.20250220-2013\jars\maven-model-3.9.9.jar
2025-09-23 20:27:38,009 [Worker-0: Launching Executing clean in D__CICD_3-1_PRACTICE_JENKINS-FULLSTACK-PRACTICE_REPORTAPI-BACKEND] INFO  o.eclipse.m2e.core.internal.Bundles - 	Entry: C:\Users\jahna\.p2\pool\plugins\org.eclipse.m2e.maven.runtime_3.9.900.20250220-2013\jars\maven-model-builder-3.9.9.jar
2025-09-23 20:27:38,009 [Worker-0: Launching Executing clean in D__CICD_3-1_PRACTICE_JENKINS-FULLSTACK-PRACTICE_REPORTAPI-BACKEND] INFO  o.eclipse.m2e.core.internal.Bundles - 	Entry: C:\Users\jahna\.p2\pool\plugins\org.eclipse.m2e.maven.runtime_3.9.900.20250220-2013\jars\maven-plugin-api-3.9.9.jar
2025-09-23 20:27:38,009 [Worker-0: Launching Executing clean in D__CICD_3-1_PRACTICE_JENKINS-FULLSTACK-PRACTICE_REPORTAPI-BACKEND] INFO  o.eclipse.m2e.core.internal.Bundles - 	Entry: C:\Users\jahna\.p2\pool\plugins\org.eclipse.m2e.maven.runtime_3.9.900.20250220-2013\jars\maven-repository-metadata-3.9.9.jar
2025-09-23 20:27:38,010 [Worker-0: Launching Executing clean in D__CICD_3-1_PRACTICE_JENKINS-FULLSTACK-PRACTICE_REPORTAPI-BACKEND] INFO  o.eclipse.m2e.core.internal.Bundles - 	Entry: C:\Users\jahna\.p2\pool\plugins\org.eclipse.m2e.maven.runtime_3.9.900.20250220-2013\jars\maven-resolver-api-1.9.22.jar
2025-09-23 20:27:38,010 [Worker-0: Launching Executing clean in D__CICD_3-1_PRACTICE_JENKINS-FULLSTACK-PRACTICE_REPORTAPI-BACKEND] INFO  o.eclipse.m2e.core.internal.Bundles - 	Entry: C:\Users\jahna\.p2\pool\plugins\org.eclipse.m2e.maven.runtime_3.9.900.20250220-2013\jars\maven-resolver-connector-basic-1.9.22.jar
2025-09-23 20:27:38,010 [Worker-0: Launching Executing clean in D__CICD_3-1_PRACTICE_JENKINS-FULLSTACK-PRACTICE_REPORTAPI-BACKEND] INFO  o.eclipse.m2e.core.internal.Bundles - 	Entry: C:\Users\jahna\.p2\pool\plugins\org.eclipse.m2e.maven.runtime_3.9.900.20250220-2013\jars\maven-resolver-impl-1.9.22.jar
2025-09-23 20:27:38,010 [Worker-0: Launching Executing clean in D__CICD_3-1_PRACTICE_JENKINS-FULLSTACK-PRACTICE_REPORTAPI-BACKEND] INFO  o.eclipse.m2e.core.internal.Bundles - 	Entry: C:\Users\jahna\.p2\pool\plugins\org.eclipse.m2e.maven.runtime_3.9.900.20250220-2013\jars\maven-resolver-named-locks-1.9.22.jar
2025-09-23 20:27:38,010 [Worker-0: Launching Executing clean in D__CICD_3-1_PRACTICE_JENKINS-FULLSTACK-PRACTICE_REPORTAPI-BACKEND] INFO  o.eclipse.m2e.core.internal.Bundles - 	Entry: C:\Users\jahna\.p2\pool\plugins\org.eclipse.m2e.maven.runtime_3.9.900.20250220-2013\jars\maven-resolver-provider-3.9.9.jar
2025-09-23 20:27:38,010 [Worker-0: Launching Executing clean in D__CICD_3-1_PRACTICE_JENKINS-FULLSTACK-PRACTICE_REPORTAPI-BACKEND] INFO  o.eclipse.m2e.core.internal.Bundles - 	Entry: C:\Users\jahna\.p2\pool\plugins\org.eclipse.m2e.maven.runtime_3.9.900.20250220-2013\jars\maven-resolver-spi-1.9.22.jar
2025-09-23 20:27:38,010 [Worker-0: Launching Executing clean in D__CICD_3-1_PRACTICE_JENKINS-FULLSTACK-PRACTICE_REPORTAPI-BACKEND] INFO  o.eclipse.m2e.core.internal.Bundles - 	Entry: C:\Users\jahna\.p2\pool\plugins\org.eclipse.m2e.maven.runtime_3.9.900.20250220-2013\jars\maven-resolver-transport-file-1.9.22.jar
2025-09-23 20:27:38,010 [Worker-0: Launching Executing clean in D__CICD_3-1_PRACTICE_JENKINS-FULLSTACK-PRACTICE_REPORTAPI-BACKEND] INFO  o.eclipse.m2e.core.internal.Bundles - 	Entry: C:\Users\jahna\.p2\pool\plugins\org.eclipse.m2e.maven.runtime_3.9.900.20250220-2013\jars\maven-resolver-transport-http-1.9.22.jar
2025-09-23 20:27:38,010 [Worker-0: Launching Executing clean in D__CICD_3-1_PRACTICE_JENKINS-FULLSTACK-PRACTICE_REPORTAPI-BACKEND] INFO  o.eclipse.m2e.core.internal.Bundles - 	Entry: C:\Users\jahna\.p2\pool\plugins\org.eclipse.m2e.maven.runtime_3.9.900.20250220-2013\jars\maven-resolver-transport-wagon-1.9.22.jar
2025-09-23 20:27:38,010 [Worker-0: Launching Executing clean in D__CICD_3-1_PRACTICE_JENKINS-FULLSTACK-PRACTICE_REPORTAPI-BACKEND] INFO  o.eclipse.m2e.core.internal.Bundles - 	Entry: C:\Users\jahna\.p2\pool\plugins\org.eclipse.m2e.maven.runtime_3.9.900.20250220-2013\jars\maven-resolver-util-1.9.22.jar
2025-09-23 20:27:38,010 [Worker-0: Launching Executing clean in D__CICD_3-1_PRACTICE_JENKINS-FULLSTACK-PRACTICE_REPORTAPI-BACKEND] INFO  o.eclipse.m2e.core.internal.Bundles - 	Entry: C:\Users\jahna\.p2\pool\plugins\org.eclipse.m2e.maven.runtime_3.9.900.20250220-2013\jars\maven-settings-3.9.9.jar
2025-09-23 20:27:38,010 [Worker-0: Launching Executing clean in D__CICD_3-1_PRACTICE_JENKINS-FULLSTACK-PRACTICE_REPORTAPI-BACKEND] INFO  o.eclipse.m2e.core.internal.Bundles - 	Entry: C:\Users\jahna\.p2\pool\plugins\org.eclipse.m2e.maven.runtime_3.9.900.20250220-2013\jars\maven-settings-builder-3.9.9.jar
2025-09-23 20:27:38,010 [Worker-0: Launching Executing clean in D__CICD_3-1_PRACTICE_JENKINS-FULLSTACK-PRACTICE_REPORTAPI-BACKEND] INFO  o.eclipse.m2e.core.internal.Bundles - 	Entry: C:\Users\jahna\.p2\pool\plugins\org.eclipse.m2e.maven.runtime_3.9.900.20250220-2013\jars\maven-shared-utils-3.4.2.jar
2025-09-23 20:27:38,011 [Worker-0: Launching Executing clean in D__CICD_3-1_PRACTICE_JENKINS-FULLSTACK-PRACTICE_REPORTAPI-BACKEND] INFO  o.eclipse.m2e.core.internal.Bundles - 	Entry: C:\Users\jahna\.p2\pool\plugins\org.eclipse.m2e.maven.runtime_3.9.900.20250220-2013\jars\org.eclipse.sisu.inject-0.9.0.M3.jar
2025-09-23 20:27:38,011 [Worker-0: Launching Executing clean in D__CICD_3-1_PRACTICE_JENKINS-FULLSTACK-PRACTICE_REPORTAPI-BACKEND] INFO  o.eclipse.m2e.core.internal.Bundles - 	Entry: C:\Users\jahna\.p2\pool\plugins\org.eclipse.m2e.maven.runtime_3.9.900.20250220-2013\jars\org.eclipse.sisu.plexus-0.9.0.M3.jar
2025-09-23 20:27:38,011 [Worker-0: Launching Executing clean in D__CICD_3-1_PRACTICE_JENKINS-FULLSTACK-PRACTICE_REPORTAPI-BACKEND] INFO  o.eclipse.m2e.core.internal.Bundles - 	Entry: C:\Users\jahna\.p2\pool\plugins\org.eclipse.m2e.maven.runtime_3.9.900.20250220-2013\jars\plexus-build-api-0.0.7.jar
2025-09-23 20:27:38,011 [Worker-0: Launching Executing clean in D__CICD_3-1_PRACTICE_JENKINS-FULLSTACK-PRACTICE_REPORTAPI-BACKEND] INFO  o.eclipse.m2e.core.internal.Bundles - 	Entry: C:\Users\jahna\.p2\pool\plugins\org.eclipse.m2e.maven.runtime_3.9.900.20250220-2013\jars\plexus-build-api-1.2.0.jar
2025-09-23 20:27:38,011 [Worker-0: Launching Executing clean in D__CICD_3-1_PRACTICE_JENKINS-FULLSTACK-PRACTICE_REPORTAPI-BACKEND] INFO  o.eclipse.m2e.core.internal.Bundles - 	Entry: C:\Users\jahna\.p2\pool\plugins\org.eclipse.m2e.maven.runtime_3.9.900.20250220-2013\jars\plexus-cipher-2.0.jar
2025-09-23 20:27:38,011 [Worker-0: Launching Executing clean in D__CICD_3-1_PRACTICE_JENKINS-FULLSTACK-PRACTICE_REPORTAPI-BACKEND] INFO  o.eclipse.m2e.core.internal.Bundles - 	Entry: C:\Users\jahna\.p2\pool\plugins\org.eclipse.m2e.maven.runtime_3.9.900.20250220-2013\jars\plexus-classworlds-2.8.0.jar
2025-09-23 20:27:38,011 [Worker-0: Launching Executing clean in D__CICD_3-1_PRACTICE_JENKINS-FULLSTACK-PRACTICE_REPORTAPI-BACKEND] INFO  o.eclipse.m2e.core.internal.Bundles - 	Entry: C:\Users\jahna\.p2\pool\plugins\org.eclipse.m2e.maven.runtime_3.9.900.20250220-2013\jars\plexus-component-annotations-2.1.0.jar
2025-09-23 20:27:38,011 [Worker-0: Launching Executing clean in D__CICD_3-1_PRACTICE_JENKINS-FULLSTACK-PRACTICE_REPORTAPI-BACKEND] INFO  o.eclipse.m2e.core.internal.Bundles - 	Entry: C:\Users\jahna\.p2\pool\plugins\org.eclipse.m2e.maven.runtime_3.9.900.20250220-2013\jars\plexus-interpolation-1.27.jar
2025-09-23 20:27:38,011 [Worker-0: Launching Executing clean in D__CICD_3-1_PRACTICE_JENKINS-FULLSTACK-PRACTICE_REPORTAPI-BACKEND] INFO  o.eclipse.m2e.core.internal.Bundles - 	Entry: C:\Users\jahna\.p2\pool\plugins\org.eclipse.m2e.maven.runtime_3.9.900.20250220-2013\jars\plexus-sec-dispatcher-2.0.jar
2025-09-23 20:27:38,011 [Worker-0: Launching Executing clean in D__CICD_3-1_PRACTICE_JENKINS-FULLSTACK-PRACTICE_REPORTAPI-BACKEND] INFO  o.eclipse.m2e.core.internal.Bundles - 	Entry: C:\Users\jahna\.p2\pool\plugins\org.eclipse.m2e.maven.runtime_3.9.900.20250220-2013\jars\plexus-utils-3.5.1.jar
2025-09-23 20:27:38,011 [Worker-0: Launching Executing clean in D__CICD_3-1_PRACTICE_JENKINS-FULLSTACK-PRACTICE_REPORTAPI-BACKEND] INFO  o.eclipse.m2e.core.internal.Bundles - 	Entry: C:\Users\jahna\.p2\pool\plugins\org.eclipse.m2e.maven.runtime_3.9.900.20250220-2013\jars\plexus-xml-3.0.1.jar
2025-09-23 20:27:38,011 [Worker-0: Launching Executing clean in D__CICD_3-1_PRACTICE_JENKINS-FULLSTACK-PRACTICE_REPORTAPI-BACKEND] INFO  o.eclipse.m2e.core.internal.Bundles - 	Entry: C:\Users\jahna\.p2\pool\plugins\org.eclipse.m2e.maven.runtime_3.9.900.20250220-2013\jars\wagon-file-3.5.3.jar
2025-09-23 20:27:38,011 [Worker-0: Launching Executing clean in D__CICD_3-1_PRACTICE_JENKINS-FULLSTACK-PRACTICE_REPORTAPI-BACKEND] INFO  o.eclipse.m2e.core.internal.Bundles - 	Entry: C:\Users\jahna\.p2\pool\plugins\org.eclipse.m2e.maven.runtime_3.9.900.20250220-2013\jars\wagon-http-3.5.3.jar
2025-09-23 20:27:38,011 [Worker-0: Launching Executing clean in D__CICD_3-1_PRACTICE_JENKINS-FULLSTACK-PRACTICE_REPORTAPI-BACKEND] INFO  o.eclipse.m2e.core.internal.Bundles - 	Entry: C:\Users\jahna\.p2\pool\plugins\org.eclipse.m2e.maven.runtime_3.9.900.20250220-2013\jars\wagon-http-shared-3.5.3.jar
2025-09-23 20:27:38,012 [Worker-0: Launching Executing clean in D__CICD_3-1_PRACTICE_JENKINS-FULLSTACK-PRACTICE_REPORTAPI-BACKEND] INFO  o.eclipse.m2e.core.internal.Bundles - 	Entry: C:\Users\jahna\.p2\pool\plugins\org.eclipse.m2e.maven.runtime_3.9.900.20250220-2013\jars\wagon-provider-api-3.5.3.jar
2025-09-23 20:27:38,013 [Worker-0: Launching Executing clean in D__CICD_3-1_PRACTICE_JENKINS-FULLSTACK-PRACTICE_REPORTAPI-BACKEND] INFO  o.eclipse.m2e.core.internal.Bundles - getClasspathEntries(Bundle=com.google.guava_33.4.8.jre [18])
2025-09-23 20:27:38,013 [Worker-0: Launching Executing clean in D__CICD_3-1_PRACTICE_JENKINS-FULLSTACK-PRACTICE_REPORTAPI-BACKEND] INFO  o.eclipse.m2e.core.internal.Bundles - 	Entry: C:\Users\jahna\.p2\pool\plugins\com.google.guava_33.4.8.jre.jar
2025-09-23 20:27:38,013 [Worker-0: Launching Executing clean in D__CICD_3-1_PRACTICE_JENKINS-FULLSTACK-PRACTICE_REPORTAPI-BACKEND] INFO  o.eclipse.m2e.core.internal.Bundles - getClasspathEntries(Bundle=slf4j.api_2.0.17 [1004])
2025-09-23 20:27:38,013 [Worker-0: Launching Executing clean in D__CICD_3-1_PRACTICE_JENKINS-FULLSTACK-PRACTICE_REPORTAPI-BACKEND] INFO  o.eclipse.m2e.core.internal.Bundles - 	Entry: C:\Users\jahna\.p2\pool\plugins\slf4j.api_2.0.17.jar
2025-09-23 20:27:38,013 [Worker-0: Launching Executing clean in D__CICD_3-1_PRACTICE_JENKINS-FULLSTACK-PRACTICE_REPORTAPI-BACKEND] INFO  o.eclipse.m2e.core.internal.Bundles - getClasspathEntries(Bundle=jakarta.inject.jakarta.inject-api_1.0.5 [35])
2025-09-23 20:27:38,014 [Worker-0: Launching Executing clean in D__CICD_3-1_PRACTICE_JENKINS-FULLSTACK-PRACTICE_REPORTAPI-BACKEND] INFO  o.eclipse.m2e.core.internal.Bundles - 	Entry: C:\Users\jahna\.p2\pool\plugins\jakarta.inject.jakarta.inject-api_1.0.5.jar
2025-09-23 20:27:38,014 [Worker-0: Launching Executing clean in D__CICD_3-1_PRACTICE_JENKINS-FULLSTACK-PRACTICE_REPORTAPI-BACKEND] INFO  o.eclipse.m2e.core.internal.Bundles - getClasspathEntries(Bundle=javax.annotation_1.3.5.v20200909-1856 [45])
2025-09-23 20:27:38,014 [Worker-0: Launching Executing clean in D__CICD_3-1_PRACTICE_JENKINS-FULLSTACK-PRACTICE_REPORTAPI-BACKEND] INFO  o.eclipse.m2e.core.internal.Bundles - 	Entry: C:\Users\jahna\.p2\pool\plugins\javax.annotation_1.3.5.v20200909-1856.jar
2025-09-23 20:27:38,014 [Worker-0: Launching Executing clean in D__CICD_3-1_PRACTICE_JENKINS-FULLSTACK-PRACTICE_REPORTAPI-BACKEND] INFO  o.eclipse.m2e.core.internal.Bundles - getClasspathEntries(Bundle=org.apache.commons.cli_1.9.0 [76])
2025-09-23 20:27:38,014 [Worker-0: Launching Executing clean in D__CICD_3-1_PRACTICE_JENKINS-FULLSTACK-PRACTICE_REPORTAPI-BACKEND] INFO  o.eclipse.m2e.core.internal.Bundles - 	Entry: C:\Users\jahna\.p2\pool\plugins\org.apache.commons.cli_1.9.0.jar
2025-09-23 20:27:38,014 [Worker-0: Launching Executing clean in D__CICD_3-1_PRACTICE_JENKINS-FULLSTACK-PRACTICE_REPORTAPI-BACKEND] INFO  o.eclipse.m2e.core.internal.Bundles - getClasspathEntries(Bundle=org.apache.commons.commons-codec_1.16.0 [78])
2025-09-23 20:27:38,014 [Worker-0: Launching Executing clean in D__CICD_3-1_PRACTICE_JENKINS-FULLSTACK-PRACTICE_REPORTAPI-BACKEND] INFO  o.eclipse.m2e.core.internal.Bundles - 	Entry: C:\Users\jahna\.p2\pool\plugins\org.apache.commons.commons-codec_1.16.0.jar
2025-09-23 20:27:38,014 [Worker-0: Launching Executing clean in D__CICD_3-1_PRACTICE_JENKINS-FULLSTACK-PRACTICE_REPORTAPI-BACKEND] INFO  o.eclipse.m2e.core.internal.Bundles - getClasspathEntries(Bundle=com.google.guava.failureaccess_1.0.3 [19])
2025-09-23 20:27:38,014 [Worker-0: Launching Executing clean in D__CICD_3-1_PRACTICE_JENKINS-FULLSTACK-PRACTICE_REPORTAPI-BACKEND] INFO  o.eclipse.m2e.core.internal.Bundles - 	Entry: C:\Users\jahna\.p2\pool\plugins\com.google.guava.failureaccess_1.0.3.jar
2025-09-23 20:27:38,018 [Worker-0: Launching Executing clean in D__CICD_3-1_PRACTICE_JENKINS-FULLSTACK-PRACTICE_REPORTAPI-BACKEND] INFO  o.e.m.i.launch.MavenLaunchDelegate - Run build in "D:\CICD\3-1\PRACTICE\JENKINS-FULLSTACK-PRACTICE\REPORTAPI-BACKEND":
2025-09-23 20:27:38,019 [Worker-0: Launching Executing clean in D__CICD_3-1_PRACTICE_JENKINS-FULLSTACK-PRACTICE_REPORTAPI-BACKEND] INFO  o.e.m.i.launch.MavenLaunchDelegate -  mvn  -Ppom.xml -B -Dstyle.color=always clean
2025-09-23 20:27:40,977 [Worker-0: Building] INFO  o.a.m.s.f.DefaultMavenResourcesFiltering - Copying 1 resource from src\main\resources to target\classes
2025-09-23 20:27:40,989 [Worker-0: Building] INFO  o.a.m.s.f.DefaultMavenResourcesFiltering - Copying 0 resource from src\main\resources to target\classes
2025-09-23 20:27:40,992 [Worker-0: Building] INFO  o.a.m.s.f.DefaultMavenResourcesFiltering - skip non existing resourceDirectory D:\CICD\3-1\PRACTICE\JENKINS-FULLSTACK-PRACTICE\REPORTAPI-BACKEND\src\test\resources
2025-09-23 20:27:40,992 [Worker-0: Building] INFO  o.e.m.w.i.f.ResourceFilteringBuildParticipant - Changed resources require a complete clean of filtered resources of REPORTAPI-BACKEND
2025-09-23 20:27:40,993 [Worker-0: Building] INFO  o.e.m.w.i.f.ResourceFilteringBuildParticipant - Executing resource filtering for REPORTAPI-BACKEND
2025-09-23 20:28:07,140 [Worker-6: Launching Executing install in D__CICD_3-1_PRACTICE_JENKINS-FULLSTACK-PRACTICE_REPORTAPI-BACKEND] INFO  o.eclipse.m2e.core.internal.Bundles - getClasspathEntries(Bundle=org.eclipse.m2e.maven.runtime_3.9.900.20250220-2013 [639])
2025-09-23 20:28:07,141 [Worker-6: Launching Executing install in D__CICD_3-1_PRACTICE_JENKINS-FULLSTACK-PRACTICE_REPORTAPI-BACKEND] INFO  o.eclipse.m2e.core.internal.Bundles - 	Entry: C:\Users\jahna\.p2\pool\plugins\org.eclipse.m2e.maven.runtime_3.9.900.20250220-2013
2025-09-23 20:28:07,141 [Worker-6: Launching Executing install in D__CICD_3-1_PRACTICE_JENKINS-FULLSTACK-PRACTICE_REPORTAPI-BACKEND] INFO  o.eclipse.m2e.core.internal.Bundles - 	Entry: C:\Users\jahna\.p2\pool\plugins\org.eclipse.m2e.maven.runtime_3.9.900.20250220-2013\jars\aopalliance-1.0.jar
2025-09-23 20:28:07,141 [Worker-6: Launching Executing install in D__CICD_3-1_PRACTICE_JENKINS-FULLSTACK-PRACTICE_REPORTAPI-BACKEND] INFO  o.eclipse.m2e.core.internal.Bundles - 	Entry: C:\Users\jahna\.p2\pool\plugins\org.eclipse.m2e.maven.runtime_3.9.900.20250220-2013\jars\guice-5.1.0.jar
2025-09-23 20:28:07,141 [Worker-6: Launching Executing install in D__CICD_3-1_PRACTICE_JENKINS-FULLSTACK-PRACTICE_REPORTAPI-BACKEND] INFO  o.eclipse.m2e.core.internal.Bundles - 	Entry: C:\Users\jahna\.p2\pool\plugins\org.eclipse.m2e.maven.runtime_3.9.900.20250220-2013\jars\httpclient-4.5.14.jar
2025-09-23 20:28:07,141 [Worker-6: Launching Executing install in D__CICD_3-1_PRACTICE_JENKINS-FULLSTACK-PRACTICE_REPORTAPI-BACKEND] INFO  o.eclipse.m2e.core.internal.Bundles - 	Entry: C:\Users\jahna\.p2\pool\plugins\org.eclipse.m2e.maven.runtime_3.9.900.20250220-2013\jars\httpcore-4.4.16.jar
2025-09-23 20:28:07,142 [Worker-6: Launching Executing install in D__CICD_3-1_PRACTICE_JENKINS-FULLSTACK-PRACTICE_REPORTAPI-BACKEND] INFO  o.eclipse.m2e.core.internal.Bundles - 	Entry: C:\Users\jahna\.p2\pool\plugins\org.eclipse.m2e.maven.runtime_3.9.900.20250220-2013\jars\jansi-2.4.1.jar
2025-09-23 20:28:07,142 [Worker-6: Launching Executing install in D__CICD_3-1_PRACTICE_JENKINS-FULLSTACK-PRACTICE_REPORTAPI-BACKEND] INFO  o.eclipse.m2e.core.internal.Bundles - 	Entry: C:\Users\jahna\.p2\pool\plugins\org.eclipse.m2e.maven.runtime_3.9.900.20250220-2013\jars\jcl-over-slf4j-1.7.36.jar
2025-09-23 20:28:07,142 [Worker-6: Launching Executing install in D__CICD_3-1_PRACTICE_JENKINS-FULLSTACK-PRACTICE_REPORTAPI-BACKEND] INFO  o.eclipse.m2e.core.internal.Bundles - 	Entry: C:\Users\jahna\.p2\pool\plugins\org.eclipse.m2e.maven.runtime_3.9.900.20250220-2013\jars\maven-artifact-3.9.9.jar
2025-09-23 20:28:07,142 [Worker-6: Launching Executing install in D__CICD_3-1_PRACTICE_JENKINS-FULLSTACK-PRACTICE_REPORTAPI-BACKEND] INFO  o.eclipse.m2e.core.internal.Bundles - 	Entry: C:\Users\jahna\.p2\pool\plugins\org.eclipse.m2e.maven.runtime_3.9.900.20250220-2013\jars\maven-builder-support-3.9.9.jar
2025-09-23 20:28:07,142 [Worker-6: Launching Executing install in D__CICD_3-1_PRACTICE_JENKINS-FULLSTACK-PRACTICE_REPORTAPI-BACKEND] INFO  o.eclipse.m2e.core.internal.Bundles - 	Entry: C:\Users\jahna\.p2\pool\plugins\org.eclipse.m2e.maven.runtime_3.9.900.20250220-2013\jars\maven-compat-3.9.9.jar
2025-09-23 20:28:07,142 [Worker-6: Launching Executing install in D__CICD_3-1_PRACTICE_JENKINS-FULLSTACK-PRACTICE_REPORTAPI-BACKEND] INFO  o.eclipse.m2e.core.internal.Bundles - 	Entry: C:\Users\jahna\.p2\pool\plugins\org.eclipse.m2e.maven.runtime_3.9.900.20250220-2013\jars\maven-core-3.9.9.jar
2025-09-23 20:28:07,142 [Worker-6: Launching Executing install in D__CICD_3-1_PRACTICE_JENKINS-FULLSTACK-PRACTICE_REPORTAPI-BACKEND] INFO  o.eclipse.m2e.core.internal.Bundles - 	Entry: C:\Users\jahna\.p2\pool\plugins\org.eclipse.m2e.maven.runtime_3.9.900.20250220-2013\jars\maven-embedder-3.9.9.jar
2025-09-23 20:28:07,142 [Worker-6: Launching Executing install in D__CICD_3-1_PRACTICE_JENKINS-FULLSTACK-PRACTICE_REPORTAPI-BACKEND] INFO  o.eclipse.m2e.core.internal.Bundles - 	Entry: C:\Users\jahna\.p2\pool\plugins\org.eclipse.m2e.maven.runtime_3.9.900.20250220-2013\jars\maven-model-3.9.9.jar
2025-09-23 20:28:07,143 [Worker-6: Launching Executing install in D__CICD_3-1_PRACTICE_JENKINS-FULLSTACK-PRACTICE_REPORTAPI-BACKEND] INFO  o.eclipse.m2e.core.internal.Bundles - 	Entry: C:\Users\jahna\.p2\pool\plugins\org.eclipse.m2e.maven.runtime_3.9.900.20250220-2013\jars\maven-model-builder-3.9.9.jar
2025-09-23 20:28:07,143 [Worker-6: Launching Executing install in D__CICD_3-1_PRACTICE_JENKINS-FULLSTACK-PRACTICE_REPORTAPI-BACKEND] INFO  o.eclipse.m2e.core.internal.Bundles - 	Entry: C:\Users\jahna\.p2\pool\plugins\org.eclipse.m2e.maven.runtime_3.9.900.20250220-2013\jars\maven-plugin-api-3.9.9.jar
2025-09-23 20:28:07,143 [Worker-6: Launching Executing install in D__CICD_3-1_PRACTICE_JENKINS-FULLSTACK-PRACTICE_REPORTAPI-BACKEND] INFO  o.eclipse.m2e.core.internal.Bundles - 	Entry: C:\Users\jahna\.p2\pool\plugins\org.eclipse.m2e.maven.runtime_3.9.900.20250220-2013\jars\maven-repository-metadata-3.9.9.jar
2025-09-23 20:28:07,143 [Worker-6: Launching Executing install in D__CICD_3-1_PRACTICE_JENKINS-FULLSTACK-PRACTICE_REPORTAPI-BACKEND] INFO  o.eclipse.m2e.core.internal.Bundles - 	Entry: C:\Users\jahna\.p2\pool\plugins\org.eclipse.m2e.maven.runtime_3.9.900.20250220-2013\jars\maven-resolver-api-1.9.22.jar
2025-09-23 20:28:07,143 [Worker-6: Launching Executing install in D__CICD_3-1_PRACTICE_JENKINS-FULLSTACK-PRACTICE_REPORTAPI-BACKEND] INFO  o.eclipse.m2e.core.internal.Bundles - 	Entry: C:\Users\jahna\.p2\pool\plugins\org.eclipse.m2e.maven.runtime_3.9.900.20250220-2013\jars\maven-resolver-connector-basic-1.9.22.jar
2025-09-23 20:28:07,143 [Worker-6: Launching Executing install in D__CICD_3-1_PRACTICE_JENKINS-FULLSTACK-PRACTICE_REPORTAPI-BACKEND] INFO  o.eclipse.m2e.core.internal.Bundles - 	Entry: C:\Users\jahna\.p2\pool\plugins\org.eclipse.m2e.maven.runtime_3.9.900.20250220-2013\jars\maven-resolver-impl-1.9.22.jar
2025-09-23 20:28:07,143 [Worker-6: Launching Executing install in D__CICD_3-1_PRACTICE_JENKINS-FULLSTACK-PRACTICE_REPORTAPI-BACKEND] INFO  o.eclipse.m2e.core.internal.Bundles - 	Entry: C:\Users\jahna\.p2\pool\plugins\org.eclipse.m2e.maven.runtime_3.9.900.20250220-2013\jars\maven-resolver-named-locks-1.9.22.jar
2025-09-23 20:28:07,143 [Worker-6: Launching Executing install in D__CICD_3-1_PRACTICE_JENKINS-FULLSTACK-PRACTICE_REPORTAPI-BACKEND] INFO  o.eclipse.m2e.core.internal.Bundles - 	Entry: C:\Users\jahna\.p2\pool\plugins\org.eclipse.m2e.maven.runtime_3.9.900.20250220-2013\jars\maven-resolver-provider-3.9.9.jar
2025-09-23 20:28:07,143 [Worker-6: Launching Executing install in D__CICD_3-1_PRACTICE_JENKINS-FULLSTACK-PRACTICE_REPORTAPI-BACKEND] INFO  o.eclipse.m2e.core.internal.Bundles - 	Entry: C:\Users\jahna\.p2\pool\plugins\org.eclipse.m2e.maven.runtime_3.9.900.20250220-2013\jars\maven-resolver-spi-1.9.22.jar
2025-09-23 20:28:07,144 [Worker-6: Launching Executing install in D__CICD_3-1_PRACTICE_JENKINS-FULLSTACK-PRACTICE_REPORTAPI-BACKEND] INFO  o.eclipse.m2e.core.internal.Bundles - 	Entry: C:\Users\jahna\.p2\pool\plugins\org.eclipse.m2e.maven.runtime_3.9.900.20250220-2013\jars\maven-resolver-transport-file-1.9.22.jar
2025-09-23 20:28:07,144 [Worker-6: Launching Executing install in D__CICD_3-1_PRACTICE_JENKINS-FULLSTACK-PRACTICE_REPORTAPI-BACKEND] INFO  o.eclipse.m2e.core.internal.Bundles - 	Entry: C:\Users\jahna\.p2\pool\plugins\org.eclipse.m2e.maven.runtime_3.9.900.20250220-2013\jars\maven-resolver-transport-http-1.9.22.jar
2025-09-23 20:28:07,144 [Worker-6: Launching Executing install in D__CICD_3-1_PRACTICE_JENKINS-FULLSTACK-PRACTICE_REPORTAPI-BACKEND] INFO  o.eclipse.m2e.core.internal.Bundles - 	Entry: C:\Users\jahna\.p2\pool\plugins\org.eclipse.m2e.maven.runtime_3.9.900.20250220-2013\jars\maven-resolver-transport-wagon-1.9.22.jar
2025-09-23 20:28:07,144 [Worker-6: Launching Executing install in D__CICD_3-1_PRACTICE_JENKINS-FULLSTACK-PRACTICE_REPORTAPI-BACKEND] INFO  o.eclipse.m2e.core.internal.Bundles - 	Entry: C:\Users\jahna\.p2\pool\plugins\org.eclipse.m2e.maven.runtime_3.9.900.20250220-2013\jars\maven-resolver-util-1.9.22.jar
2025-09-23 20:28:07,144 [Worker-6: Launching Executing install in D__CICD_3-1_PRACTICE_JENKINS-FULLSTACK-PRACTICE_REPORTAPI-BACKEND] INFO  o.eclipse.m2e.core.internal.Bundles - 	Entry: C:\Users\jahna\.p2\pool\plugins\org.eclipse.m2e.maven.runtime_3.9.900.20250220-2013\jars\maven-settings-3.9.9.jar
2025-09-23 20:28:07,144 [Worker-6: Launching Executing install in D__CICD_3-1_PRACTICE_JENKINS-FULLSTACK-PRACTICE_REPORTAPI-BACKEND] INFO  o.eclipse.m2e.core.internal.Bundles - 	Entry: C:\Users\jahna\.p2\pool\plugins\org.eclipse.m2e.maven.runtime_3.9.900.20250220-2013\jars\maven-settings-builder-3.9.9.jar
2025-09-23 20:28:07,144 [Worker-6: Launching Executing install in D__CICD_3-1_PRACTICE_JENKINS-FULLSTACK-PRACTICE_REPORTAPI-BACKEND] INFO  o.eclipse.m2e.core.internal.Bundles - 	Entry: C:\Users\jahna\.p2\pool\plugins\org.eclipse.m2e.maven.runtime_3.9.900.20250220-2013\jars\maven-shared-utils-3.4.2.jar
2025-09-23 20:28:07,144 [Worker-6: Launching Executing install in D__CICD_3-1_PRACTICE_JENKINS-FULLSTACK-PRACTICE_REPORTAPI-BACKEND] INFO  o.eclipse.m2e.core.internal.Bundles - 	Entry: C:\Users\jahna\.p2\pool\plugins\org.eclipse.m2e.maven.runtime_3.9.900.20250220-2013\jars\org.eclipse.sisu.inject-0.9.0.M3.jar
2025-09-23 20:28:07,144 [Worker-6: Launching Executing install in D__CICD_3-1_PRACTICE_JENKINS-FULLSTACK-PRACTICE_REPORTAPI-BACKEND] INFO  o.eclipse.m2e.core.internal.Bundles - 	Entry: C:\Users\jahna\.p2\pool\plugins\org.eclipse.m2e.maven.runtime_3.9.900.20250220-2013\jars\org.eclipse.sisu.plexus-0.9.0.M3.jar
2025-09-23 20:28:07,144 [Worker-6: Launching Executing install in D__CICD_3-1_PRACTICE_JENKINS-FULLSTACK-PRACTICE_REPORTAPI-BACKEND] INFO  o.eclipse.m2e.core.internal.Bundles - 	Entry: C:\Users\jahna\.p2\pool\plugins\org.eclipse.m2e.maven.runtime_3.9.900.20250220-2013\jars\plexus-build-api-0.0.7.jar
2025-09-23 20:28:07,144 [Worker-6: Launching Executing install in D__CICD_3-1_PRACTICE_JENKINS-FULLSTACK-PRACTICE_REPORTAPI-BACKEND] INFO  o.eclipse.m2e.core.internal.Bundles - 	Entry: C:\Users\jahna\.p2\pool\plugins\org.eclipse.m2e.maven.runtime_3.9.900.20250220-2013\jars\plexus-build-api-1.2.0.jar
2025-09-23 20:28:07,144 [Worker-6: Launching Executing install in D__CICD_3-1_PRACTICE_JENKINS-FULLSTACK-PRACTICE_REPORTAPI-BACKEND] INFO  o.eclipse.m2e.core.internal.Bundles - 	Entry: C:\Users\jahna\.p2\pool\plugins\org.eclipse.m2e.maven.runtime_3.9.900.20250220-2013\jars\plexus-cipher-2.0.jar
2025-09-23 20:28:07,144 [Worker-6: Launching Executing install in D__CICD_3-1_PRACTICE_JENKINS-FULLSTACK-PRACTICE_REPORTAPI-BACKEND] INFO  o.eclipse.m2e.core.internal.Bundles - 	Entry: C:\Users\jahna\.p2\pool\plugins\org.eclipse.m2e.maven.runtime_3.9.900.20250220-2013\jars\plexus-classworlds-2.8.0.jar
2025-09-23 20:28:07,145 [Worker-6: Launching Executing install in D__CICD_3-1_PRACTICE_JENKINS-FULLSTACK-PRACTICE_REPORTAPI-BACKEND] INFO  o.eclipse.m2e.core.internal.Bundles - 	Entry: C:\Users\jahna\.p2\pool\plugins\org.eclipse.m2e.maven.runtime_3.9.900.20250220-2013\jars\plexus-component-annotations-2.1.0.jar
2025-09-23 20:28:07,145 [Worker-6: Launching Executing install in D__CICD_3-1_PRACTICE_JENKINS-FULLSTACK-PRACTICE_REPORTAPI-BACKEND] INFO  o.eclipse.m2e.core.internal.Bundles - 	Entry: C:\Users\jahna\.p2\pool\plugins\org.eclipse.m2e.maven.runtime_3.9.900.20250220-2013\jars\plexus-interpolation-1.27.jar
2025-09-23 20:28:07,145 [Worker-6: Launching Executing install in D__CICD_3-1_PRACTICE_JENKINS-FULLSTACK-PRACTICE_REPORTAPI-BACKEND] INFO  o.eclipse.m2e.core.internal.Bundles - 	Entry: C:\Users\jahna\.p2\pool\plugins\org.eclipse.m2e.maven.runtime_3.9.900.20250220-2013\jars\plexus-sec-dispatcher-2.0.jar
2025-09-23 20:28:07,145 [Worker-6: Launching Executing install in D__CICD_3-1_PRACTICE_JENKINS-FULLSTACK-PRACTICE_REPORTAPI-BACKEND] INFO  o.eclipse.m2e.core.internal.Bundles - 	Entry: C:\Users\jahna\.p2\pool\plugins\org.eclipse.m2e.maven.runtime_3.9.900.20250220-2013\jars\plexus-utils-3.5.1.jar
2025-09-23 20:28:07,145 [Worker-6: Launching Executing install in D__CICD_3-1_PRACTICE_JENKINS-FULLSTACK-PRACTICE_REPORTAPI-BACKEND] INFO  o.eclipse.m2e.core.internal.Bundles - 	Entry: C:\Users\jahna\.p2\pool\plugins\org.eclipse.m2e.maven.runtime_3.9.900.20250220-2013\jars\plexus-xml-3.0.1.jar
2025-09-23 20:28:07,145 [Worker-6: Launching Executing install in D__CICD_3-1_PRACTICE_JENKINS-FULLSTACK-PRACTICE_REPORTAPI-BACKEND] INFO  o.eclipse.m2e.core.internal.Bundles - 	Entry: C:\Users\jahna\.p2\pool\plugins\org.eclipse.m2e.maven.runtime_3.9.900.20250220-2013\jars\wagon-file-3.5.3.jar
2025-09-23 20:28:07,145 [Worker-6: Launching Executing install in D__CICD_3-1_PRACTICE_JENKINS-FULLSTACK-PRACTICE_REPORTAPI-BACKEND] INFO  o.eclipse.m2e.core.internal.Bundles - 	Entry: C:\Users\jahna\.p2\pool\plugins\org.eclipse.m2e.maven.runtime_3.9.900.20250220-2013\jars\wagon-http-3.5.3.jar
2025-09-23 20:28:07,145 [Worker-6: Launching Executing install in D__CICD_3-1_PRACTICE_JENKINS-FULLSTACK-PRACTICE_REPORTAPI-BACKEND] INFO  o.eclipse.m2e.core.internal.Bundles - 	Entry: C:\Users\jahna\.p2\pool\plugins\org.eclipse.m2e.maven.runtime_3.9.900.20250220-2013\jars\wagon-http-shared-3.5.3.jar
2025-09-23 20:28:07,145 [Worker-6: Launching Executing install in D__CICD_3-1_PRACTICE_JENKINS-FULLSTACK-PRACTICE_REPORTAPI-BACKEND] INFO  o.eclipse.m2e.core.internal.Bundles - 	Entry: C:\Users\jahna\.p2\pool\plugins\org.eclipse.m2e.maven.runtime_3.9.900.20250220-2013\jars\wagon-provider-api-3.5.3.jar
2025-09-23 20:28:07,146 [Worker-6: Launching Executing install in D__CICD_3-1_PRACTICE_JENKINS-FULLSTACK-PRACTICE_REPORTAPI-BACKEND] INFO  o.eclipse.m2e.core.internal.Bundles - getClasspathEntries(Bundle=com.google.guava_33.4.8.jre [18])
2025-09-23 20:28:07,146 [Worker-6: Launching Executing install in D__CICD_3-1_PRACTICE_JENKINS-FULLSTACK-PRACTICE_REPORTAPI-BACKEND] INFO  o.eclipse.m2e.core.internal.Bundles - 	Entry: C:\Users\jahna\.p2\pool\plugins\com.google.guava_33.4.8.jre.jar
2025-09-23 20:28:07,146 [Worker-6: Launching Executing install in D__CICD_3-1_PRACTICE_JENKINS-FULLSTACK-PRACTICE_REPORTAPI-BACKEND] INFO  o.eclipse.m2e.core.internal.Bundles - getClasspathEntries(Bundle=slf4j.api_2.0.17 [1004])
2025-09-23 20:28:07,146 [Worker-6: Launching Executing install in D__CICD_3-1_PRACTICE_JENKINS-FULLSTACK-PRACTICE_REPORTAPI-BACKEND] INFO  o.eclipse.m2e.core.internal.Bundles - 	Entry: C:\Users\jahna\.p2\pool\plugins\slf4j.api_2.0.17.jar
2025-09-23 20:28:07,146 [Worker-6: Launching Executing install in D__CICD_3-1_PRACTICE_JENKINS-FULLSTACK-PRACTICE_REPORTAPI-BACKEND] INFO  o.eclipse.m2e.core.internal.Bundles - getClasspathEntries(Bundle=jakarta.inject.jakarta.inject-api_1.0.5 [35])
2025-09-23 20:28:07,147 [Worker-6: Launching Executing install in D__CICD_3-1_PRACTICE_JENKINS-FULLSTACK-PRACTICE_REPORTAPI-BACKEND] INFO  o.eclipse.m2e.core.internal.Bundles - 	Entry: C:\Users\jahna\.p2\pool\plugins\jakarta.inject.jakarta.inject-api_1.0.5.jar
2025-09-23 20:28:07,147 [Worker-6: Launching Executing install in D__CICD_3-1_PRACTICE_JENKINS-FULLSTACK-PRACTICE_REPORTAPI-BACKEND] INFO  o.eclipse.m2e.core.internal.Bundles - getClasspathEntries(Bundle=javax.annotation_1.3.5.v20200909-1856 [45])
2025-09-23 20:28:07,147 [Worker-6: Launching Executing install in D__CICD_3-1_PRACTICE_JENKINS-FULLSTACK-PRACTICE_REPORTAPI-BACKEND] INFO  o.eclipse.m2e.core.internal.Bundles - 	Entry: C:\Users\jahna\.p2\pool\plugins\javax.annotation_1.3.5.v20200909-1856.jar
2025-09-23 20:28:07,147 [Worker-6: Launching Executing install in D__CICD_3-1_PRACTICE_JENKINS-FULLSTACK-PRACTICE_REPORTAPI-BACKEND] INFO  o.eclipse.m2e.core.internal.Bundles - getClasspathEntries(Bundle=org.apache.commons.cli_1.9.0 [76])
2025-09-23 20:28:07,147 [Worker-6: Launching Executing install in D__CICD_3-1_PRACTICE_JENKINS-FULLSTACK-PRACTICE_REPORTAPI-BACKEND] INFO  o.eclipse.m2e.core.internal.Bundles - 	Entry: C:\Users\jahna\.p2\pool\plugins\org.apache.commons.cli_1.9.0.jar
2025-09-23 20:28:07,147 [Worker-6: Launching Executing install in D__CICD_3-1_PRACTICE_JENKINS-FULLSTACK-PRACTICE_REPORTAPI-BACKEND] INFO  o.eclipse.m2e.core.internal.Bundles - getClasspathEntries(Bundle=org.apache.commons.commons-codec_1.16.0 [78])
2025-09-23 20:28:07,147 [Worker-6: Launching Executing install in D__CICD_3-1_PRACTICE_JENKINS-FULLSTACK-PRACTICE_REPORTAPI-BACKEND] INFO  o.eclipse.m2e.core.internal.Bundles - 	Entry: C:\Users\jahna\.p2\pool\plugins\org.apache.commons.commons-codec_1.16.0.jar
2025-09-23 20:28:07,147 [Worker-6: Launching Executing install in D__CICD_3-1_PRACTICE_JENKINS-FULLSTACK-PRACTICE_REPORTAPI-BACKEND] INFO  o.eclipse.m2e.core.internal.Bundles - getClasspathEntries(Bundle=com.google.guava.failureaccess_1.0.3 [19])
2025-09-23 20:28:07,147 [Worker-6: Launching Executing install in D__CICD_3-1_PRACTICE_JENKINS-FULLSTACK-PRACTICE_REPORTAPI-BACKEND] INFO  o.eclipse.m2e.core.internal.Bundles - 	Entry: C:\Users\jahna\.p2\pool\plugins\com.google.guava.failureaccess_1.0.3.jar
2025-09-23 20:28:07,148 [Worker-6: Launching Executing install in D__CICD_3-1_PRACTICE_JENKINS-FULLSTACK-PRACTICE_REPORTAPI-BACKEND] INFO  o.e.m.i.launch.MavenLaunchDelegate - Run build in "D:\CICD\3-1\PRACTICE\JENKINS-FULLSTACK-PRACTICE\REPORTAPI-BACKEND":
2025-09-23 20:28:07,149 [Worker-6: Launching Executing install in D__CICD_3-1_PRACTICE_JENKINS-FULLSTACK-PRACTICE_REPORTAPI-BACKEND] INFO  o.e.m.i.launch.MavenLaunchDelegate -  mvn  -Ppom.xml -B -Dstyle.color=always install
2025-09-23 20:28:41,993 [Worker-6: Building] INFO  o.a.m.s.f.DefaultMavenResourcesFiltering - Copying 1 resource from src\main\resources to target\classes
2025-09-23 20:28:41,994 [Worker-6: Building] INFO  o.a.m.s.f.DefaultMavenResourcesFiltering - Copying 0 resource from src\main\resources to target\classes
2025-09-23 20:28:41,999 [Worker-6: Building] INFO  o.a.m.s.f.DefaultMavenResourcesFiltering - skip non existing resourceDirectory D:\CICD\3-1\PRACTICE\JENKINS-FULLSTACK-PRACTICE\REPORTAPI-BACKEND\src\test\resources
2025-09-23 21:37:04,808 [Worker-39: Building] INFO  o.e.m.c.i.l.LifecycleMappingFactory - Using org.maven.ide.eclipse.wtp.WarLifecycleMapping lifecycle mapping for MavenProject: com.klef.practice:REPORTAPI-BACKEND:0.0.1-SNAPSHOT @ D:\CICD\3-1\PRACTICE\JENKINS-FULLSTACK-PRACTICE\REPORTAPI-BACKEND\pom.xml.
2025-09-23 21:37:06,115 [Worker-39: Building] INFO  o.a.m.s.f.DefaultMavenResourcesFiltering - Copying 0 resource from src\main\resources to target\classes
2025-09-23 21:37:06,115 [Worker-39: Building] INFO  o.a.m.s.f.DefaultMavenResourcesFiltering - Copying 0 resource from src\main\resources to target\classes
2025-09-23 21:37:06,122 [Worker-39: Building] INFO  o.a.m.s.f.DefaultMavenResourcesFiltering - skip non existing resourceDirectory D:\CICD\3-1\PRACTICE\JENKINS-FULLSTACK-PRACTICE\REPORTAPI-BACKEND\src\test\resources
2025-09-23 21:37:06,123 [Worker-39: Building] INFO  o.e.m.w.i.f.ResourceFilteringBuildParticipant - Changed resources require a complete clean of filtered resources of REPORTAPI-BACKEND
2025-09-23 21:37:06,123 [Worker-39: Building] INFO  o.e.m.w.i.f.ResourceFilteringBuildParticipant - Executing resource filtering for REPORTAPI-BACKEND
2025-09-23 21:37:18,918 [Worker-40: Launching Executing clean in D__CICD_3-1_PRACTICE_JENKINS-FULLSTACK-PRACTICE_REPORTAPI-BACKEND] INFO  o.eclipse.m2e.core.internal.Bundles - getClasspathEntries(Bundle=org.eclipse.m2e.maven.runtime_3.9.900.20250220-2013 [639])
2025-09-23 21:37:18,919 [Worker-40: Launching Executing clean in D__CICD_3-1_PRACTICE_JENKINS-FULLSTACK-PRACTICE_REPORTAPI-BACKEND] INFO  o.eclipse.m2e.core.internal.Bundles - 	Entry: C:\Users\jahna\.p2\pool\plugins\org.eclipse.m2e.maven.runtime_3.9.900.20250220-2013
2025-09-23 21:37:18,920 [Worker-40: Launching Executing clean in D__CICD_3-1_PRACTICE_JENKINS-FULLSTACK-PRACTICE_REPORTAPI-BACKEND] INFO  o.eclipse.m2e.core.internal.Bundles - 	Entry: C:\Users\jahna\.p2\pool\plugins\org.eclipse.m2e.maven.runtime_3.9.900.20250220-2013\jars\aopalliance-1.0.jar
2025-09-23 21:37:18,920 [Worker-40: Launching Executing clean in D__CICD_3-1_PRACTICE_JENKINS-FULLSTACK-PRACTICE_REPORTAPI-BACKEND] INFO  o.eclipse.m2e.core.internal.Bundles - 	Entry: C:\Users\jahna\.p2\pool\plugins\org.eclipse.m2e.maven.runtime_3.9.900.20250220-2013\jars\guice-5.1.0.jar
2025-09-23 21:37:18,920 [Worker-40: Launching Executing clean in D__CICD_3-1_PRACTICE_JENKINS-FULLSTACK-PRACTICE_REPORTAPI-BACKEND] INFO  o.eclipse.m2e.core.internal.Bundles - 	Entry: C:\Users\jahna\.p2\pool\plugins\org.eclipse.m2e.maven.runtime_3.9.900.20250220-2013\jars\httpclient-4.5.14.jar
2025-09-23 21:37:18,922 [Worker-40: Launching Executing clean in D__CICD_3-1_PRACTICE_JENKINS-FULLSTACK-PRACTICE_REPORTAPI-BACKEND] INFO  o.eclipse.m2e.core.internal.Bundles - 	Entry: C:\Users\jahna\.p2\pool\plugins\org.eclipse.m2e.maven.runtime_3.9.900.20250220-2013\jars\httpcore-4.4.16.jar
2025-09-23 21:37:18,922 [Worker-40: Launching Executing clean in D__CICD_3-1_PRACTICE_JENKINS-FULLSTACK-PRACTICE_REPORTAPI-BACKEND] INFO  o.eclipse.m2e.core.internal.Bundles - 	Entry: C:\Users\jahna\.p2\pool\plugins\org.eclipse.m2e.maven.runtime_3.9.900.20250220-2013\jars\jansi-2.4.1.jar
2025-09-23 21:37:18,922 [Worker-40: Launching Executing clean in D__CICD_3-1_PRACTICE_JENKINS-FULLSTACK-PRACTICE_REPORTAPI-BACKEND] INFO  o.eclipse.m2e.core.internal.Bundles - 	Entry: C:\Users\jahna\.p2\pool\plugins\org.eclipse.m2e.maven.runtime_3.9.900.20250220-2013\jars\jcl-over-slf4j-1.7.36.jar
2025-09-23 21:37:18,923 [Worker-40: Launching Executing clean in D__CICD_3-1_PRACTICE_JENKINS-FULLSTACK-PRACTICE_REPORTAPI-BACKEND] INFO  o.eclipse.m2e.core.internal.Bundles - 	Entry: C:\Users\jahna\.p2\pool\plugins\org.eclipse.m2e.maven.runtime_3.9.900.20250220-2013\jars\maven-artifact-3.9.9.jar
2025-09-23 21:37:18,923 [Worker-40: Launching Executing clean in D__CICD_3-1_PRACTICE_JENKINS-FULLSTACK-PRACTICE_REPORTAPI-BACKEND] INFO  o.eclipse.m2e.core.internal.Bundles - 	Entry: C:\Users\jahna\.p2\pool\plugins\org.eclipse.m2e.maven.runtime_3.9.900.20250220-2013\jars\maven-builder-support-3.9.9.jar
2025-09-23 21:37:18,923 [Worker-40: Launching Executing clean in D__CICD_3-1_PRACTICE_JENKINS-FULLSTACK-PRACTICE_REPORTAPI-BACKEND] INFO  o.eclipse.m2e.core.internal.Bundles - 	Entry: C:\Users\jahna\.p2\pool\plugins\org.eclipse.m2e.maven.runtime_3.9.900.20250220-2013\jars\maven-compat-3.9.9.jar
2025-09-23 21:37:18,924 [Worker-40: Launching Executing clean in D__CICD_3-1_PRACTICE_JENKINS-FULLSTACK-PRACTICE_REPORTAPI-BACKEND] INFO  o.eclipse.m2e.core.internal.Bundles - 	Entry: C:\Users\jahna\.p2\pool\plugins\org.eclipse.m2e.maven.runtime_3.9.900.20250220-2013\jars\maven-core-3.9.9.jar
2025-09-23 21:37:18,924 [Worker-40: Launching Executing clean in D__CICD_3-1_PRACTICE_JENKINS-FULLSTACK-PRACTICE_REPORTAPI-BACKEND] INFO  o.eclipse.m2e.core.internal.Bundles - 	Entry: C:\Users\jahna\.p2\pool\plugins\org.eclipse.m2e.maven.runtime_3.9.900.20250220-2013\jars\maven-embedder-3.9.9.jar
2025-09-23 21:37:18,925 [Worker-40: Launching Executing clean in D__CICD_3-1_PRACTICE_JENKINS-FULLSTACK-PRACTICE_REPORTAPI-BACKEND] INFO  o.eclipse.m2e.core.internal.Bundles - 	Entry: C:\Users\jahna\.p2\pool\plugins\org.eclipse.m2e.maven.runtime_3.9.900.20250220-2013\jars\maven-model-3.9.9.jar
2025-09-23 21:37:18,925 [Worker-40: Launching Executing clean in D__CICD_3-1_PRACTICE_JENKINS-FULLSTACK-PRACTICE_REPORTAPI-BACKEND] INFO  o.eclipse.m2e.core.internal.Bundles - 	Entry: C:\Users\jahna\.p2\pool\plugins\org.eclipse.m2e.maven.runtime_3.9.900.20250220-2013\jars\maven-model-builder-3.9.9.jar
2025-09-23 21:37:18,926 [Worker-40: Launching Executing clean in D__CICD_3-1_PRACTICE_JENKINS-FULLSTACK-PRACTICE_REPORTAPI-BACKEND] INFO  o.eclipse.m2e.core.internal.Bundles - 	Entry: C:\Users\jahna\.p2\pool\plugins\org.eclipse.m2e.maven.runtime_3.9.900.20250220-2013\jars\maven-plugin-api-3.9.9.jar
2025-09-23 21:37:18,926 [Worker-40: Launching Executing clean in D__CICD_3-1_PRACTICE_JENKINS-FULLSTACK-PRACTICE_REPORTAPI-BACKEND] INFO  o.eclipse.m2e.core.internal.Bundles - 	Entry: C:\Users\jahna\.p2\pool\plugins\org.eclipse.m2e.maven.runtime_3.9.900.20250220-2013\jars\maven-repository-metadata-3.9.9.jar
2025-09-23 21:37:18,927 [Worker-40: Launching Executing clean in D__CICD_3-1_PRACTICE_JENKINS-FULLSTACK-PRACTICE_REPORTAPI-BACKEND] INFO  o.eclipse.m2e.core.internal.Bundles - 	Entry: C:\Users\jahna\.p2\pool\plugins\org.eclipse.m2e.maven.runtime_3.9.900.20250220-2013\jars\maven-resolver-api-1.9.22.jar
2025-09-23 21:37:18,927 [Worker-40: Launching Executing clean in D__CICD_3-1_PRACTICE_JENKINS-FULLSTACK-PRACTICE_REPORTAPI-BACKEND] INFO  o.eclipse.m2e.core.internal.Bundles - 	Entry: C:\Users\jahna\.p2\pool\plugins\org.eclipse.m2e.maven.runtime_3.9.900.20250220-2013\jars\maven-resolver-connector-basic-1.9.22.jar
2025-09-23 21:37:18,928 [Worker-40: Launching Executing clean in D__CICD_3-1_PRACTICE_JENKINS-FULLSTACK-PRACTICE_REPORTAPI-BACKEND] INFO  o.eclipse.m2e.core.internal.Bundles - 	Entry: C:\Users\jahna\.p2\pool\plugins\org.eclipse.m2e.maven.runtime_3.9.900.20250220-2013\jars\maven-resolver-impl-1.9.22.jar
2025-09-23 21:37:18,928 [Worker-40: Launching Executing clean in D__CICD_3-1_PRACTICE_JENKINS-FULLSTACK-PRACTICE_REPORTAPI-BACKEND] INFO  o.eclipse.m2e.core.internal.Bundles - 	Entry: C:\Users\jahna\.p2\pool\plugins\org.eclipse.m2e.maven.runtime_3.9.900.20250220-2013\jars\maven-resolver-named-locks-1.9.22.jar
2025-09-23 21:37:18,929 [Worker-40: Launching Executing clean in D__CICD_3-1_PRACTICE_JENKINS-FULLSTACK-PRACTICE_REPORTAPI-BACKEND] INFO  o.eclipse.m2e.core.internal.Bundles - 	Entry: C:\Users\jahna\.p2\pool\plugins\org.eclipse.m2e.maven.runtime_3.9.900.20250220-2013\jars\maven-resolver-provider-3.9.9.jar
2025-09-23 21:37:18,929 [Worker-40: Launching Executing clean in D__CICD_3-1_PRACTICE_JENKINS-FULLSTACK-PRACTICE_REPORTAPI-BACKEND] INFO  o.eclipse.m2e.core.internal.Bundles - 	Entry: C:\Users\jahna\.p2\pool\plugins\org.eclipse.m2e.maven.runtime_3.9.900.20250220-2013\jars\maven-resolver-spi-1.9.22.jar
2025-09-23 21:37:18,929 [Worker-40: Launching Executing clean in D__CICD_3-1_PRACTICE_JENKINS-FULLSTACK-PRACTICE_REPORTAPI-BACKEND] INFO  o.eclipse.m2e.core.internal.Bundles - 	Entry: C:\Users\jahna\.p2\pool\plugins\org.eclipse.m2e.maven.runtime_3.9.900.20250220-2013\jars\maven-resolver-transport-file-1.9.22.jar
2025-09-23 21:37:18,930 [Worker-40: Launching Executing clean in D__CICD_3-1_PRACTICE_JENKINS-FULLSTACK-PRACTICE_REPORTAPI-BACKEND] INFO  o.eclipse.m2e.core.internal.Bundles - 	Entry: C:\Users\jahna\.p2\pool\plugins\org.eclipse.m2e.maven.runtime_3.9.900.20250220-2013\jars\maven-resolver-transport-http-1.9.22.jar
2025-09-23 21:37:18,930 [Worker-40: Launching Executing clean in D__CICD_3-1_PRACTICE_JENKINS-FULLSTACK-PRACTICE_REPORTAPI-BACKEND] INFO  o.eclipse.m2e.core.internal.Bundles - 	Entry: C:\Users\jahna\.p2\pool\plugins\org.eclipse.m2e.maven.runtime_3.9.900.20250220-2013\jars\maven-resolver-transport-wagon-1.9.22.jar
2025-09-23 21:37:18,930 [Worker-40: Launching Executing clean in D__CICD_3-1_PRACTICE_JENKINS-FULLSTACK-PRACTICE_REPORTAPI-BACKEND] INFO  o.eclipse.m2e.core.internal.Bundles - 	Entry: C:\Users\jahna\.p2\pool\plugins\org.eclipse.m2e.maven.runtime_3.9.900.20250220-2013\jars\maven-resolver-util-1.9.22.jar
2025-09-23 21:37:18,931 [Worker-40: Launching Executing clean in D__CICD_3-1_PRACTICE_JENKINS-FULLSTACK-PRACTICE_REPORTAPI-BACKEND] INFO  o.eclipse.m2e.core.internal.Bundles - 	Entry: C:\Users\jahna\.p2\pool\plugins\org.eclipse.m2e.maven.runtime_3.9.900.20250220-2013\jars\maven-settings-3.9.9.jar
2025-09-23 21:37:18,931 [Worker-40: Launching Executing clean in D__CICD_3-1_PRACTICE_JENKINS-FULLSTACK-PRACTICE_REPORTAPI-BACKEND] INFO  o.eclipse.m2e.core.internal.Bundles - 	Entry: C:\Users\jahna\.p2\pool\plugins\org.eclipse.m2e.maven.runtime_3.9.900.20250220-2013\jars\maven-settings-builder-3.9.9.jar
2025-09-23 21:37:18,931 [Worker-40: Launching Executing clean in D__CICD_3-1_PRACTICE_JENKINS-FULLSTACK-PRACTICE_REPORTAPI-BACKEND] INFO  o.eclipse.m2e.core.internal.Bundles - 	Entry: C:\Users\jahna\.p2\pool\plugins\org.eclipse.m2e.maven.runtime_3.9.900.20250220-2013\jars\maven-shared-utils-3.4.2.jar
2025-09-23 21:37:18,932 [Worker-40: Launching Executing clean in D__CICD_3-1_PRACTICE_JENKINS-FULLSTACK-PRACTICE_REPORTAPI-BACKEND] INFO  o.eclipse.m2e.core.internal.Bundles - 	Entry: C:\Users\jahna\.p2\pool\plugins\org.eclipse.m2e.maven.runtime_3.9.900.20250220-2013\jars\org.eclipse.sisu.inject-0.9.0.M3.jar
2025-09-23 21:37:18,933 [Worker-40: Launching Executing clean in D__CICD_3-1_PRACTICE_JENKINS-FULLSTACK-PRACTICE_REPORTAPI-BACKEND] INFO  o.eclipse.m2e.core.internal.Bundles - 	Entry: C:\Users\jahna\.p2\pool\plugins\org.eclipse.m2e.maven.runtime_3.9.900.20250220-2013\jars\org.eclipse.sisu.plexus-0.9.0.M3.jar
2025-09-23 21:37:18,933 [Worker-40: Launching Executing clean in D__CICD_3-1_PRACTICE_JENKINS-FULLSTACK-PRACTICE_REPORTAPI-BACKEND] INFO  o.eclipse.m2e.core.internal.Bundles - 	Entry: C:\Users\jahna\.p2\pool\plugins\org.eclipse.m2e.maven.runtime_3.9.900.20250220-2013\jars\plexus-build-api-0.0.7.jar
2025-09-23 21:37:18,933 [Worker-40: Launching Executing clean in D__CICD_3-1_PRACTICE_JENKINS-FULLSTACK-PRACTICE_REPORTAPI-BACKEND] INFO  o.eclipse.m2e.core.internal.Bundles - 	Entry: C:\Users\jahna\.p2\pool\plugins\org.eclipse.m2e.maven.runtime_3.9.900.20250220-2013\jars\plexus-build-api-1.2.0.jar
2025-09-23 21:37:18,934 [Worker-40: Launching Executing clean in D__CICD_3-1_PRACTICE_JENKINS-FULLSTACK-PRACTICE_REPORTAPI-BACKEND] INFO  o.eclipse.m2e.core.internal.Bundles - 	Entry: C:\Users\jahna\.p2\pool\plugins\org.eclipse.m2e.maven.runtime_3.9.900.20250220-2013\jars\plexus-cipher-2.0.jar
2025-09-23 21:37:18,934 [Worker-40: Launching Executing clean in D__CICD_3-1_PRACTICE_JENKINS-FULLSTACK-PRACTICE_REPORTAPI-BACKEND] INFO  o.eclipse.m2e.core.internal.Bundles - 	Entry: C:\Users\jahna\.p2\pool\plugins\org.eclipse.m2e.maven.runtime_3.9.900.20250220-2013\jars\plexus-classworlds-2.8.0.jar
2025-09-23 21:37:18,934 [Worker-40: Launching Executing clean in D__CICD_3-1_PRACTICE_JENKINS-FULLSTACK-PRACTICE_REPORTAPI-BACKEND] INFO  o.eclipse.m2e.core.internal.Bundles - 	Entry: C:\Users\jahna\.p2\pool\plugins\org.eclipse.m2e.maven.runtime_3.9.900.20250220-2013\jars\plexus-component-annotations-2.1.0.jar
2025-09-23 21:37:18,935 [Worker-40: Launching Executing clean in D__CICD_3-1_PRACTICE_JENKINS-FULLSTACK-PRACTICE_REPORTAPI-BACKEND] INFO  o.eclipse.m2e.core.internal.Bundles - 	Entry: C:\Users\jahna\.p2\pool\plugins\org.eclipse.m2e.maven.runtime_3.9.900.20250220-2013\jars\plexus-interpolation-1.27.jar
2025-09-23 21:37:18,935 [Worker-40: Launching Executing clean in D__CICD_3-1_PRACTICE_JENKINS-FULLSTACK-PRACTICE_REPORTAPI-BACKEND] INFO  o.eclipse.m2e.core.internal.Bundles - 	Entry: C:\Users\jahna\.p2\pool\plugins\org.eclipse.m2e.maven.runtime_3.9.900.20250220-2013\jars\plexus-sec-dispatcher-2.0.jar
2025-09-23 21:37:18,936 [Worker-40: Launching Executing clean in D__CICD_3-1_PRACTICE_JENKINS-FULLSTACK-PRACTICE_REPORTAPI-BACKEND] INFO  o.eclipse.m2e.core.internal.Bundles - 	Entry: C:\Users\jahna\.p2\pool\plugins\org.eclipse.m2e.maven.runtime_3.9.900.20250220-2013\jars\plexus-utils-3.5.1.jar
2025-09-23 21:37:18,936 [Worker-40: Launching Executing clean in D__CICD_3-1_PRACTICE_JENKINS-FULLSTACK-PRACTICE_REPORTAPI-BACKEND] INFO  o.eclipse.m2e.core.internal.Bundles - 	Entry: C:\Users\jahna\.p2\pool\plugins\org.eclipse.m2e.maven.runtime_3.9.900.20250220-2013\jars\plexus-xml-3.0.1.jar
2025-09-23 21:37:18,936 [Worker-40: Launching Executing clean in D__CICD_3-1_PRACTICE_JENKINS-FULLSTACK-PRACTICE_REPORTAPI-BACKEND] INFO  o.eclipse.m2e.core.internal.Bundles - 	Entry: C:\Users\jahna\.p2\pool\plugins\org.eclipse.m2e.maven.runtime_3.9.900.20250220-2013\jars\wagon-file-3.5.3.jar
2025-09-23 21:37:18,937 [Worker-40: Launching Executing clean in D__CICD_3-1_PRACTICE_JENKINS-FULLSTACK-PRACTICE_REPORTAPI-BACKEND] INFO  o.eclipse.m2e.core.internal.Bundles - 	Entry: C:\Users\jahna\.p2\pool\plugins\org.eclipse.m2e.maven.runtime_3.9.900.20250220-2013\jars\wagon-http-3.5.3.jar
2025-09-23 21:37:18,937 [Worker-40: Launching Executing clean in D__CICD_3-1_PRACTICE_JENKINS-FULLSTACK-PRACTICE_REPORTAPI-BACKEND] INFO  o.eclipse.m2e.core.internal.Bundles - 	Entry: C:\Users\jahna\.p2\pool\plugins\org.eclipse.m2e.maven.runtime_3.9.900.20250220-2013\jars\wagon-http-shared-3.5.3.jar
2025-09-23 21:37:18,938 [Worker-40: Launching Executing clean in D__CICD_3-1_PRACTICE_JENKINS-FULLSTACK-PRACTICE_REPORTAPI-BACKEND] INFO  o.eclipse.m2e.core.internal.Bundles - 	Entry: C:\Users\jahna\.p2\pool\plugins\org.eclipse.m2e.maven.runtime_3.9.900.20250220-2013\jars\wagon-provider-api-3.5.3.jar
2025-09-23 21:37:18,939 [Worker-40: Launching Executing clean in D__CICD_3-1_PRACTICE_JENKINS-FULLSTACK-PRACTICE_REPORTAPI-BACKEND] INFO  o.eclipse.m2e.core.internal.Bundles - getClasspathEntries(Bundle=com.google.guava_33.4.8.jre [18])
2025-09-23 21:37:18,940 [Worker-40: Launching Executing clean in D__CICD_3-1_PRACTICE_JENKINS-FULLSTACK-PRACTICE_REPORTAPI-BACKEND] INFO  o.eclipse.m2e.core.internal.Bundles - 	Entry: C:\Users\jahna\.p2\pool\plugins\com.google.guava_33.4.8.jre.jar
2025-09-23 21:37:18,941 [Worker-40: Launching Executing clean in D__CICD_3-1_PRACTICE_JENKINS-FULLSTACK-PRACTICE_REPORTAPI-BACKEND] INFO  o.eclipse.m2e.core.internal.Bundles - getClasspathEntries(Bundle=slf4j.api_2.0.17 [1004])
2025-09-23 21:37:18,941 [Worker-40: Launching Executing clean in D__CICD_3-1_PRACTICE_JENKINS-FULLSTACK-PRACTICE_REPORTAPI-BACKEND] INFO  o.eclipse.m2e.core.internal.Bundles - 	Entry: C:\Users\jahna\.p2\pool\plugins\slf4j.api_2.0.17.jar
2025-09-23 21:37:18,942 [Worker-40: Launching Executing clean in D__CICD_3-1_PRACTICE_JENKINS-FULLSTACK-PRACTICE_REPORTAPI-BACKEND] INFO  o.eclipse.m2e.core.internal.Bundles - getClasspathEntries(Bundle=jakarta.inject.jakarta.inject-api_1.0.5 [35])
2025-09-23 21:37:18,943 [Worker-40: Launching Executing clean in D__CICD_3-1_PRACTICE_JENKINS-FULLSTACK-PRACTICE_REPORTAPI-BACKEND] INFO  o.eclipse.m2e.core.internal.Bundles - 	Entry: C:\Users\jahna\.p2\pool\plugins\jakarta.inject.jakarta.inject-api_1.0.5.jar
2025-09-23 21:37:18,943 [Worker-40: Launching Executing clean in D__CICD_3-1_PRACTICE_JENKINS-FULLSTACK-PRACTICE_REPORTAPI-BACKEND] INFO  o.eclipse.m2e.core.internal.Bundles - getClasspathEntries(Bundle=javax.annotation_1.3.5.v20200909-1856 [45])
2025-09-23 21:37:18,944 [Worker-40: Launching Executing clean in D__CICD_3-1_PRACTICE_JENKINS-FULLSTACK-PRACTICE_REPORTAPI-BACKEND] INFO  o.eclipse.m2e.core.internal.Bundles - 	Entry: C:\Users\jahna\.p2\pool\plugins\javax.annotation_1.3.5.v20200909-1856.jar
2025-09-23 21:37:18,944 [Worker-40: Launching Executing clean in D__CICD_3-1_PRACTICE_JENKINS-FULLSTACK-PRACTICE_REPORTAPI-BACKEND] INFO  o.eclipse.m2e.core.internal.Bundles - getClasspathEntries(Bundle=org.apache.commons.cli_1.9.0 [76])
2025-09-23 21:37:18,945 [Worker-40: Launching Executing clean in D__CICD_3-1_PRACTICE_JENKINS-FULLSTACK-PRACTICE_REPORTAPI-BACKEND] INFO  o.eclipse.m2e.core.internal.Bundles - 	Entry: C:\Users\jahna\.p2\pool\plugins\org.apache.commons.cli_1.9.0.jar
2025-09-23 21:37:18,945 [Worker-40: Launching Executing clean in D__CICD_3-1_PRACTICE_JENKINS-FULLSTACK-PRACTICE_REPORTAPI-BACKEND] INFO  o.eclipse.m2e.core.internal.Bundles - getClasspathEntries(Bundle=org.apache.commons.commons-codec_1.16.0 [78])
2025-09-23 21:37:18,945 [Worker-40: Launching Executing clean in D__CICD_3-1_PRACTICE_JENKINS-FULLSTACK-PRACTICE_REPORTAPI-BACKEND] INFO  o.eclipse.m2e.core.internal.Bundles - 	Entry: C:\Users\jahna\.p2\pool\plugins\org.apache.commons.commons-codec_1.16.0.jar
2025-09-23 21:37:18,946 [Worker-40: Launching Executing clean in D__CICD_3-1_PRACTICE_JENKINS-FULLSTACK-PRACTICE_REPORTAPI-BACKEND] INFO  o.eclipse.m2e.core.internal.Bundles - getClasspathEntries(Bundle=com.google.guava.failureaccess_1.0.3 [19])
2025-09-23 21:37:18,946 [Worker-40: Launching Executing clean in D__CICD_3-1_PRACTICE_JENKINS-FULLSTACK-PRACTICE_REPORTAPI-BACKEND] INFO  o.eclipse.m2e.core.internal.Bundles - 	Entry: C:\Users\jahna\.p2\pool\plugins\com.google.guava.failureaccess_1.0.3.jar
2025-09-23 21:37:18,948 [Worker-40: Launching Executing clean in D__CICD_3-1_PRACTICE_JENKINS-FULLSTACK-PRACTICE_REPORTAPI-BACKEND] INFO  o.e.m.i.launch.MavenLaunchDelegate - Run build in "D:\CICD\3-1\PRACTICE\JENKINS-FULLSTACK-PRACTICE\REPORTAPI-BACKEND":
2025-09-23 21:37:18,949 [Worker-40: Launching Executing clean in D__CICD_3-1_PRACTICE_JENKINS-FULLSTACK-PRACTICE_REPORTAPI-BACKEND] INFO  o.e.m.i.launch.MavenLaunchDelegate -  mvn  -Ppom.xml -B -Dstyle.color=always clean
2025-09-23 21:37:23,030 [Worker-41: Building] INFO  o.a.m.s.f.DefaultMavenResourcesFiltering - Copying 1 resource from src\main\resources to target\classes
2025-09-23 21:37:23,105 [Worker-41: Building] INFO  o.a.m.s.f.DefaultMavenResourcesFiltering - Copying 0 resource from src\main\resources to target\classes
2025-09-23 21:37:23,113 [Worker-41: Building] INFO  o.a.m.s.f.DefaultMavenResourcesFiltering - skip non existing resourceDirectory D:\CICD\3-1\PRACTICE\JENKINS-FULLSTACK-PRACTICE\REPORTAPI-BACKEND\src\test\resources
2025-09-23 21:37:23,113 [Worker-41: Building] INFO  o.e.m.w.i.f.ResourceFilteringBuildParticipant - Changed resources require a complete clean of filtered resources of REPORTAPI-BACKEND
2025-09-23 21:37:23,114 [Worker-41: Building] INFO  o.e.m.w.i.f.ResourceFilteringBuildParticipant - Executing resource filtering for REPORTAPI-BACKEND
2025-09-23 21:37:34,571 [Worker-41: Launching Executing install in D__CICD_3-1_PRACTICE_JENKINS-FULLSTACK-PRACTICE_REPORTAPI-BACKEND] INFO  o.eclipse.m2e.core.internal.Bundles - getClasspathEntries(Bundle=org.eclipse.m2e.maven.runtime_3.9.900.20250220-2013 [639])
2025-09-23 21:37:34,573 [Worker-41: Launching Executing install in D__CICD_3-1_PRACTICE_JENKINS-FULLSTACK-PRACTICE_REPORTAPI-BACKEND] INFO  o.eclipse.m2e.core.internal.Bundles - 	Entry: C:\Users\jahna\.p2\pool\plugins\org.eclipse.m2e.maven.runtime_3.9.900.20250220-2013
2025-09-23 21:37:34,573 [Worker-41: Launching Executing install in D__CICD_3-1_PRACTICE_JENKINS-FULLSTACK-PRACTICE_REPORTAPI-BACKEND] INFO  o.eclipse.m2e.core.internal.Bundles - 	Entry: C:\Users\jahna\.p2\pool\plugins\org.eclipse.m2e.maven.runtime_3.9.900.20250220-2013\jars\aopalliance-1.0.jar
2025-09-23 21:37:34,573 [Worker-41: Launching Executing install in D__CICD_3-1_PRACTICE_JENKINS-FULLSTACK-PRACTICE_REPORTAPI-BACKEND] INFO  o.eclipse.m2e.core.internal.Bundles - 	Entry: C:\Users\jahna\.p2\pool\plugins\org.eclipse.m2e.maven.runtime_3.9.900.20250220-2013\jars\guice-5.1.0.jar
2025-09-23 21:37:34,573 [Worker-41: Launching Executing install in D__CICD_3-1_PRACTICE_JENKINS-FULLSTACK-PRACTICE_REPORTAPI-BACKEND] INFO  o.eclipse.m2e.core.internal.Bundles - 	Entry: C:\Users\jahna\.p2\pool\plugins\org.eclipse.m2e.maven.runtime_3.9.900.20250220-2013\jars\httpclient-4.5.14.jar
2025-09-23 21:37:34,574 [Worker-41: Launching Executing install in D__CICD_3-1_PRACTICE_JENKINS-FULLSTACK-PRACTICE_REPORTAPI-BACKEND] INFO  o.eclipse.m2e.core.internal.Bundles - 	Entry: C:\Users\jahna\.p2\pool\plugins\org.eclipse.m2e.maven.runtime_3.9.900.20250220-2013\jars\httpcore-4.4.16.jar
2025-09-23 21:37:34,574 [Worker-41: Launching Executing install in D__CICD_3-1_PRACTICE_JENKINS-FULLSTACK-PRACTICE_REPORTAPI-BACKEND] INFO  o.eclipse.m2e.core.internal.Bundles - 	Entry: C:\Users\jahna\.p2\pool\plugins\org.eclipse.m2e.maven.runtime_3.9.900.20250220-2013\jars\jansi-2.4.1.jar
2025-09-23 21:37:34,574 [Worker-41: Launching Executing install in D__CICD_3-1_PRACTICE_JENKINS-FULLSTACK-PRACTICE_REPORTAPI-BACKEND] INFO  o.eclipse.m2e.core.internal.Bundles - 	Entry: C:\Users\jahna\.p2\pool\plugins\org.eclipse.m2e.maven.runtime_3.9.900.20250220-2013\jars\jcl-over-slf4j-1.7.36.jar
2025-09-23 21:37:34,574 [Worker-41: Launching Executing install in D__CICD_3-1_PRACTICE_JENKINS-FULLSTACK-PRACTICE_REPORTAPI-BACKEND] INFO  o.eclipse.m2e.core.internal.Bundles - 	Entry: C:\Users\jahna\.p2\pool\plugins\org.eclipse.m2e.maven.runtime_3.9.900.20250220-2013\jars\maven-artifact-3.9.9.jar
2025-09-23 21:37:34,574 [Worker-41: Launching Executing install in D__CICD_3-1_PRACTICE_JENKINS-FULLSTACK-PRACTICE_REPORTAPI-BACKEND] INFO  o.eclipse.m2e.core.internal.Bundles - 	Entry: C:\Users\jahna\.p2\pool\plugins\org.eclipse.m2e.maven.runtime_3.9.900.20250220-2013\jars\maven-builder-support-3.9.9.jar
2025-09-23 21:37:34,575 [Worker-41: Launching Executing install in D__CICD_3-1_PRACTICE_JENKINS-FULLSTACK-PRACTICE_REPORTAPI-BACKEND] INFO  o.eclipse.m2e.core.internal.Bundles - 	Entry: C:\Users\jahna\.p2\pool\plugins\org.eclipse.m2e.maven.runtime_3.9.900.20250220-2013\jars\maven-compat-3.9.9.jar
2025-09-23 21:37:34,575 [Worker-41: Launching Executing install in D__CICD_3-1_PRACTICE_JENKINS-FULLSTACK-PRACTICE_REPORTAPI-BACKEND] INFO  o.eclipse.m2e.core.internal.Bundles - 	Entry: C:\Users\jahna\.p2\pool\plugins\org.eclipse.m2e.maven.runtime_3.9.900.20250220-2013\jars\maven-core-3.9.9.jar
2025-09-23 21:37:34,575 [Worker-41: Launching Executing install in D__CICD_3-1_PRACTICE_JENKINS-FULLSTACK-PRACTICE_REPORTAPI-BACKEND] INFO  o.eclipse.m2e.core.internal.Bundles - 	Entry: C:\Users\jahna\.p2\pool\plugins\org.eclipse.m2e.maven.runtime_3.9.900.20250220-2013\jars\maven-embedder-3.9.9.jar
2025-09-23 21:37:34,575 [Worker-41: Launching Executing install in D__CICD_3-1_PRACTICE_JENKINS-FULLSTACK-PRACTICE_REPORTAPI-BACKEND] INFO  o.eclipse.m2e.core.internal.Bundles - 	Entry: C:\Users\jahna\.p2\pool\plugins\org.eclipse.m2e.maven.runtime_3.9.900.20250220-2013\jars\maven-model-3.9.9.jar
2025-09-23 21:37:34,575 [Worker-41: Launching Executing install in D__CICD_3-1_PRACTICE_JENKINS-FULLSTACK-PRACTICE_REPORTAPI-BACKEND] INFO  o.eclipse.m2e.core.internal.Bundles - 	Entry: C:\Users\jahna\.p2\pool\plugins\org.eclipse.m2e.maven.runtime_3.9.900.20250220-2013\jars\maven-model-builder-3.9.9.jar
2025-09-23 21:37:34,575 [Worker-41: Launching Executing install in D__CICD_3-1_PRACTICE_JENKINS-FULLSTACK-PRACTICE_REPORTAPI-BACKEND] INFO  o.eclipse.m2e.core.internal.Bundles - 	Entry: C:\Users\jahna\.p2\pool\plugins\org.eclipse.m2e.maven.runtime_3.9.900.20250220-2013\jars\maven-plugin-api-3.9.9.jar
2025-09-23 21:37:34,576 [Worker-41: Launching Executing install in D__CICD_3-1_PRACTICE_JENKINS-FULLSTACK-PRACTICE_REPORTAPI-BACKEND] INFO  o.eclipse.m2e.core.internal.Bundles - 	Entry: C:\Users\jahna\.p2\pool\plugins\org.eclipse.m2e.maven.runtime_3.9.900.20250220-2013\jars\maven-repository-metadata-3.9.9.jar
2025-09-23 21:37:34,576 [Worker-41: Launching Executing install in D__CICD_3-1_PRACTICE_JENKINS-FULLSTACK-PRACTICE_REPORTAPI-BACKEND] INFO  o.eclipse.m2e.core.internal.Bundles - 	Entry: C:\Users\jahna\.p2\pool\plugins\org.eclipse.m2e.maven.runtime_3.9.900.20250220-2013\jars\maven-resolver-api-1.9.22.jar
2025-09-23 21:37:34,576 [Worker-41: Launching Executing install in D__CICD_3-1_PRACTICE_JENKINS-FULLSTACK-PRACTICE_REPORTAPI-BACKEND] INFO  o.eclipse.m2e.core.internal.Bundles - 	Entry: C:\Users\jahna\.p2\pool\plugins\org.eclipse.m2e.maven.runtime_3.9.900.20250220-2013\jars\maven-resolver-connector-basic-1.9.22.jar
2025-09-23 21:37:34,576 [Worker-41: Launching Executing install in D__CICD_3-1_PRACTICE_JENKINS-FULLSTACK-PRACTICE_REPORTAPI-BACKEND] INFO  o.eclipse.m2e.core.internal.Bundles - 	Entry: C:\Users\jahna\.p2\pool\plugins\org.eclipse.m2e.maven.runtime_3.9.900.20250220-2013\jars\maven-resolver-impl-1.9.22.jar
2025-09-23 21:37:34,576 [Worker-41: Launching Executing install in D__CICD_3-1_PRACTICE_JENKINS-FULLSTACK-PRACTICE_REPORTAPI-BACKEND] INFO  o.eclipse.m2e.core.internal.Bundles - 	Entry: C:\Users\jahna\.p2\pool\plugins\org.eclipse.m2e.maven.runtime_3.9.900.20250220-2013\jars\maven-resolver-named-locks-1.9.22.jar
2025-09-23 21:37:34,577 [Worker-41: Launching Executing install in D__CICD_3-1_PRACTICE_JENKINS-FULLSTACK-PRACTICE_REPORTAPI-BACKEND] INFO  o.eclipse.m2e.core.internal.Bundles - 	Entry: C:\Users\jahna\.p2\pool\plugins\org.eclipse.m2e.maven.runtime_3.9.900.20250220-2013\jars\maven-resolver-provider-3.9.9.jar
2025-09-23 21:37:34,577 [Worker-41: Launching Executing install in D__CICD_3-1_PRACTICE_JENKINS-FULLSTACK-PRACTICE_REPORTAPI-BACKEND] INFO  o.eclipse.m2e.core.internal.Bundles - 	Entry: C:\Users\jahna\.p2\pool\plugins\org.eclipse.m2e.maven.runtime_3.9.900.20250220-2013\jars\maven-resolver-spi-1.9.22.jar
2025-09-23 21:37:34,577 [Worker-41: Launching Executing install in D__CICD_3-1_PRACTICE_JENKINS-FULLSTACK-PRACTICE_REPORTAPI-BACKEND] INFO  o.eclipse.m2e.core.internal.Bundles - 	Entry: C:\Users\jahna\.p2\pool\plugins\org.eclipse.m2e.maven.runtime_3.9.900.20250220-2013\jars\maven-resolver-transport-file-1.9.22.jar
2025-09-23 21:37:34,577 [Worker-41: Launching Executing install in D__CICD_3-1_PRACTICE_JENKINS-FULLSTACK-PRACTICE_REPORTAPI-BACKEND] INFO  o.eclipse.m2e.core.internal.Bundles - 	Entry: C:\Users\jahna\.p2\pool\plugins\org.eclipse.m2e.maven.runtime_3.9.900.20250220-2013\jars\maven-resolver-transport-http-1.9.22.jar
2025-09-23 21:37:34,577 [Worker-41: Launching Executing install in D__CICD_3-1_PRACTICE_JENKINS-FULLSTACK-PRACTICE_REPORTAPI-BACKEND] INFO  o.eclipse.m2e.core.internal.Bundles - 	Entry: C:\Users\jahna\.p2\pool\plugins\org.eclipse.m2e.maven.runtime_3.9.900.20250220-2013\jars\maven-resolver-transport-wagon-1.9.22.jar
2025-09-23 21:37:34,578 [Worker-41: Launching Executing install in D__CICD_3-1_PRACTICE_JENKINS-FULLSTACK-PRACTICE_REPORTAPI-BACKEND] INFO  o.eclipse.m2e.core.internal.Bundles - 	Entry: C:\Users\jahna\.p2\pool\plugins\org.eclipse.m2e.maven.runtime_3.9.900.20250220-2013\jars\maven-resolver-util-1.9.22.jar
2025-09-23 21:37:34,578 [Worker-41: Launching Executing install in D__CICD_3-1_PRACTICE_JENKINS-FULLSTACK-PRACTICE_REPORTAPI-BACKEND] INFO  o.eclipse.m2e.core.internal.Bundles - 	Entry: C:\Users\jahna\.p2\pool\plugins\org.eclipse.m2e.maven.runtime_3.9.900.20250220-2013\jars\maven-settings-3.9.9.jar
2025-09-23 21:37:34,578 [Worker-41: Launching Executing install in D__CICD_3-1_PRACTICE_JENKINS-FULLSTACK-PRACTICE_REPORTAPI-BACKEND] INFO  o.eclipse.m2e.core.internal.Bundles - 	Entry: C:\Users\jahna\.p2\pool\plugins\org.eclipse.m2e.maven.runtime_3.9.900.20250220-2013\jars\maven-settings-builder-3.9.9.jar
2025-09-23 21:37:34,578 [Worker-41: Launching Executing install in D__CICD_3-1_PRACTICE_JENKINS-FULLSTACK-PRACTICE_REPORTAPI-BACKEND] INFO  o.eclipse.m2e.core.internal.Bundles - 	Entry: C:\Users\jahna\.p2\pool\plugins\org.eclipse.m2e.maven.runtime_3.9.900.20250220-2013\jars\maven-shared-utils-3.4.2.jar
2025-09-23 21:37:34,578 [Worker-41: Launching Executing install in D__CICD_3-1_PRACTICE_JENKINS-FULLSTACK-PRACTICE_REPORTAPI-BACKEND] INFO  o.eclipse.m2e.core.internal.Bundles - 	Entry: C:\Users\jahna\.p2\pool\plugins\org.eclipse.m2e.maven.runtime_3.9.900.20250220-2013\jars\org.eclipse.sisu.inject-0.9.0.M3.jar
2025-09-23 21:37:34,578 [Worker-41: Launching Executing install in D__CICD_3-1_PRACTICE_JENKINS-FULLSTACK-PRACTICE_REPORTAPI-BACKEND] INFO  o.eclipse.m2e.core.internal.Bundles - 	Entry: C:\Users\jahna\.p2\pool\plugins\org.eclipse.m2e.maven.runtime_3.9.900.20250220-2013\jars\org.eclipse.sisu.plexus-0.9.0.M3.jar
2025-09-23 21:37:34,578 [Worker-41: Launching Executing install in D__CICD_3-1_PRACTICE_JENKINS-FULLSTACK-PRACTICE_REPORTAPI-BACKEND] INFO  o.eclipse.m2e.core.internal.Bundles - 	Entry: C:\Users\jahna\.p2\pool\plugins\org.eclipse.m2e.maven.runtime_3.9.900.20250220-2013\jars\plexus-build-api-0.0.7.jar
2025-09-23 21:37:34,579 [Worker-41: Launching Executing install in D__CICD_3-1_PRACTICE_JENKINS-FULLSTACK-PRACTICE_REPORTAPI-BACKEND] INFO  o.eclipse.m2e.core.internal.Bundles - 	Entry: C:\Users\jahna\.p2\pool\plugins\org.eclipse.m2e.maven.runtime_3.9.900.20250220-2013\jars\plexus-build-api-1.2.0.jar
2025-09-23 21:37:34,579 [Worker-41: Launching Executing install in D__CICD_3-1_PRACTICE_JENKINS-FULLSTACK-PRACTICE_REPORTAPI-BACKEND] INFO  o.eclipse.m2e.core.internal.Bundles - 	Entry: C:\Users\jahna\.p2\pool\plugins\org.eclipse.m2e.maven.runtime_3.9.900.20250220-2013\jars\plexus-cipher-2.0.jar
2025-09-23 21:37:34,579 [Worker-41: Launching Executing install in D__CICD_3-1_PRACTICE_JENKINS-FULLSTACK-PRACTICE_REPORTAPI-BACKEND] INFO  o.eclipse.m2e.core.internal.Bundles - 	Entry: C:\Users\jahna\.p2\pool\plugins\org.eclipse.m2e.maven.runtime_3.9.900.20250220-2013\jars\plexus-classworlds-2.8.0.jar
2025-09-23 21:37:34,579 [Worker-41: Launching Executing install in D__CICD_3-1_PRACTICE_JENKINS-FULLSTACK-PRACTICE_REPORTAPI-BACKEND] INFO  o.eclipse.m2e.core.internal.Bundles - 	Entry: C:\Users\jahna\.p2\pool\plugins\org.eclipse.m2e.maven.runtime_3.9.900.20250220-2013\jars\plexus-component-annotations-2.1.0.jar
2025-09-23 21:37:34,579 [Worker-41: Launching Executing install in D__CICD_3-1_PRACTICE_JENKINS-FULLSTACK-PRACTICE_REPORTAPI-BACKEND] INFO  o.eclipse.m2e.core.internal.Bundles - 	Entry: C:\Users\jahna\.p2\pool\plugins\org.eclipse.m2e.maven.runtime_3.9.900.20250220-2013\jars\plexus-interpolation-1.27.jar
2025-09-23 21:37:34,580 [Worker-41: Launching Executing install in D__CICD_3-1_PRACTICE_JENKINS-FULLSTACK-PRACTICE_REPORTAPI-BACKEND] INFO  o.eclipse.m2e.core.internal.Bundles - 	Entry: C:\Users\jahna\.p2\pool\plugins\org.eclipse.m2e.maven.runtime_3.9.900.20250220-2013\jars\plexus-sec-dispatcher-2.0.jar
2025-09-23 21:37:34,580 [Worker-41: Launching Executing install in D__CICD_3-1_PRACTICE_JENKINS-FULLSTACK-PRACTICE_REPORTAPI-BACKEND] INFO  o.eclipse.m2e.core.internal.Bundles - 	Entry: C:\Users\jahna\.p2\pool\plugins\org.eclipse.m2e.maven.runtime_3.9.900.20250220-2013\jars\plexus-utils-3.5.1.jar
2025-09-23 21:37:34,581 [Worker-41: Launching Executing install in D__CICD_3-1_PRACTICE_JENKINS-FULLSTACK-PRACTICE_REPORTAPI-BACKEND] INFO  o.eclipse.m2e.core.internal.Bundles - 	Entry: C:\Users\jahna\.p2\pool\plugins\org.eclipse.m2e.maven.runtime_3.9.900.20250220-2013\jars\plexus-xml-3.0.1.jar
2025-09-23 21:37:34,581 [Worker-41: Launching Executing install in D__CICD_3-1_PRACTICE_JENKINS-FULLSTACK-PRACTICE_REPORTAPI-BACKEND] INFO  o.eclipse.m2e.core.internal.Bundles - 	Entry: C:\Users\jahna\.p2\pool\plugins\org.eclipse.m2e.maven.runtime_3.9.900.20250220-2013\jars\wagon-file-3.5.3.jar
2025-09-23 21:37:34,581 [Worker-41: Launching Executing install in D__CICD_3-1_PRACTICE_JENKINS-FULLSTACK-PRACTICE_REPORTAPI-BACKEND] INFO  o.eclipse.m2e.core.internal.Bundles - 	Entry: C:\Users\jahna\.p2\pool\plugins\org.eclipse.m2e.maven.runtime_3.9.900.20250220-2013\jars\wagon-http-3.5.3.jar
2025-09-23 21:37:34,582 [Worker-41: Launching Executing install in D__CICD_3-1_PRACTICE_JENKINS-FULLSTACK-PRACTICE_REPORTAPI-BACKEND] INFO  o.eclipse.m2e.core.internal.Bundles - 	Entry: C:\Users\jahna\.p2\pool\plugins\org.eclipse.m2e.maven.runtime_3.9.900.20250220-2013\jars\wagon-http-shared-3.5.3.jar
2025-09-23 21:37:34,583 [Worker-41: Launching Executing install in D__CICD_3-1_PRACTICE_JENKINS-FULLSTACK-PRACTICE_REPORTAPI-BACKEND] INFO  o.eclipse.m2e.core.internal.Bundles - 	Entry: C:\Users\jahna\.p2\pool\plugins\org.eclipse.m2e.maven.runtime_3.9.900.20250220-2013\jars\wagon-provider-api-3.5.3.jar
2025-09-23 21:37:34,583 [Worker-41: Launching Executing install in D__CICD_3-1_PRACTICE_JENKINS-FULLSTACK-PRACTICE_REPORTAPI-BACKEND] INFO  o.eclipse.m2e.core.internal.Bundles - getClasspathEntries(Bundle=com.google.guava_33.4.8.jre [18])
2025-09-23 21:37:34,584 [Worker-41: Launching Executing install in D__CICD_3-1_PRACTICE_JENKINS-FULLSTACK-PRACTICE_REPORTAPI-BACKEND] INFO  o.eclipse.m2e.core.internal.Bundles - 	Entry: C:\Users\jahna\.p2\pool\plugins\com.google.guava_33.4.8.jre.jar
2025-09-23 21:37:34,584 [Worker-41: Launching Executing install in D__CICD_3-1_PRACTICE_JENKINS-FULLSTACK-PRACTICE_REPORTAPI-BACKEND] INFO  o.eclipse.m2e.core.internal.Bundles - getClasspathEntries(Bundle=slf4j.api_2.0.17 [1004])
2025-09-23 21:37:34,585 [Worker-41: Launching Executing install in D__CICD_3-1_PRACTICE_JENKINS-FULLSTACK-PRACTICE_REPORTAPI-BACKEND] INFO  o.eclipse.m2e.core.internal.Bundles - 	Entry: C:\Users\jahna\.p2\pool\plugins\slf4j.api_2.0.17.jar
2025-09-23 21:37:34,585 [Worker-41: Launching Executing install in D__CICD_3-1_PRACTICE_JENKINS-FULLSTACK-PRACTICE_REPORTAPI-BACKEND] INFO  o.eclipse.m2e.core.internal.Bundles - getClasspathEntries(Bundle=jakarta.inject.jakarta.inject-api_1.0.5 [35])
2025-09-23 21:37:34,585 [Worker-41: Launching Executing install in D__CICD_3-1_PRACTICE_JENKINS-FULLSTACK-PRACTICE_REPORTAPI-BACKEND] INFO  o.eclipse.m2e.core.internal.Bundles - 	Entry: C:\Users\jahna\.p2\pool\plugins\jakarta.inject.jakarta.inject-api_1.0.5.jar
2025-09-23 21:37:34,585 [Worker-41: Launching Executing install in D__CICD_3-1_PRACTICE_JENKINS-FULLSTACK-PRACTICE_REPORTAPI-BACKEND] INFO  o.eclipse.m2e.core.internal.Bundles - getClasspathEntries(Bundle=javax.annotation_1.3.5.v20200909-1856 [45])
2025-09-23 21:37:34,586 [Worker-41: Launching Executing install in D__CICD_3-1_PRACTICE_JENKINS-FULLSTACK-PRACTICE_REPORTAPI-BACKEND] INFO  o.eclipse.m2e.core.internal.Bundles - 	Entry: C:\Users\jahna\.p2\pool\plugins\javax.annotation_1.3.5.v20200909-1856.jar
2025-09-23 21:37:34,586 [Worker-41: Launching Executing install in D__CICD_3-1_PRACTICE_JENKINS-FULLSTACK-PRACTICE_REPORTAPI-BACKEND] INFO  o.eclipse.m2e.core.internal.Bundles - getClasspathEntries(Bundle=org.apache.commons.cli_1.9.0 [76])
2025-09-23 21:37:34,586 [Worker-41: Launching Executing install in D__CICD_3-1_PRACTICE_JENKINS-FULLSTACK-PRACTICE_REPORTAPI-BACKEND] INFO  o.eclipse.m2e.core.internal.Bundles - 	Entry: C:\Users\jahna\.p2\pool\plugins\org.apache.commons.cli_1.9.0.jar
2025-09-23 21:37:34,586 [Worker-41: Launching Executing install in D__CICD_3-1_PRACTICE_JENKINS-FULLSTACK-PRACTICE_REPORTAPI-BACKEND] INFO  o.eclipse.m2e.core.internal.Bundles - getClasspathEntries(Bundle=org.apache.commons.commons-codec_1.16.0 [78])
2025-09-23 21:37:34,587 [Worker-41: Launching Executing install in D__CICD_3-1_PRACTICE_JENKINS-FULLSTACK-PRACTICE_REPORTAPI-BACKEND] INFO  o.eclipse.m2e.core.internal.Bundles - 	Entry: C:\Users\jahna\.p2\pool\plugins\org.apache.commons.commons-codec_1.16.0.jar
2025-09-23 21:37:34,587 [Worker-41: Launching Executing install in D__CICD_3-1_PRACTICE_JENKINS-FULLSTACK-PRACTICE_REPORTAPI-BACKEND] INFO  o.eclipse.m2e.core.internal.Bundles - getClasspathEntries(Bundle=com.google.guava.failureaccess_1.0.3 [19])
2025-09-23 21:37:34,587 [Worker-41: Launching Executing install in D__CICD_3-1_PRACTICE_JENKINS-FULLSTACK-PRACTICE_REPORTAPI-BACKEND] INFO  o.eclipse.m2e.core.internal.Bundles - 	Entry: C:\Users\jahna\.p2\pool\plugins\com.google.guava.failureaccess_1.0.3.jar
2025-09-23 21:37:34,589 [Worker-41: Launching Executing install in D__CICD_3-1_PRACTICE_JENKINS-FULLSTACK-PRACTICE_REPORTAPI-BACKEND] INFO  o.e.m.i.launch.MavenLaunchDelegate - Run build in "D:\CICD\3-1\PRACTICE\JENKINS-FULLSTACK-PRACTICE\REPORTAPI-BACKEND":
2025-09-23 21:37:34,589 [Worker-41: Launching Executing install in D__CICD_3-1_PRACTICE_JENKINS-FULLSTACK-PRACTICE_REPORTAPI-BACKEND] INFO  o.e.m.i.launch.MavenLaunchDelegate -  mvn  -Ppom.xml -B -Dstyle.color=always install
2025-09-23 21:37:57,924 [Worker-38: Building] INFO  o.a.m.s.f.DefaultMavenResourcesFiltering - Copying 1 resource from src\main\resources to target\classes
2025-09-23 21:37:57,926 [Worker-38: Building] INFO  o.a.m.s.f.DefaultMavenResourcesFiltering - Copying 0 resource from src\main\resources to target\classes
2025-09-23 21:37:57,929 [Worker-38: Building] INFO  o.a.m.s.f.DefaultMavenResourcesFiltering - skip non existing resourceDirectory D:\CICD\3-1\PRACTICE\JENKINS-FULLSTACK-PRACTICE\REPORTAPI-BACKEND\src\test\resources
